[2018-12-12 14:48:11] [] [{"id":"8966","in_t_num":"36","in_t_total":"10029.400","out_t_num":"22","out_t_total":"101878.360","discount":"831.598"}]
[2018-12-12 14:48:11] [] UPDATE `gc_user` SET `in_t_num` = CASE 
WHEN `id` = '8966' THEN '36'
ELSE `in_t_num` END, `in_t_total` = CASE 
WHEN `id` = '8966' THEN '10029.400'
ELSE `in_t_total` END, `out_t_num` = CASE 
WHEN `id` = '8966' THEN '22'
ELSE `out_t_num` END, `out_t_total` = CASE 
WHEN `id` = '8966' THEN '101878.360'
ELSE `out_t_total` END, `discount` = CASE 
WHEN `id` = '8966' THEN '831.598'
ELSE `discount` END
WHERE `id` IN('8966')
[2018-12-12 14:50:03] [] [{"id":"4947","in_t_num":"1","in_t_total":"50000.000","out_t_num":"1","out_t_total":"10000.000","discount":"5000.000"},{"id":"5787","in_t_num":"1","in_t_total":"120.000","out_t_num":"0","out_t_total":"0.000","discount":"20.000"},{"id":"5799","in_t_num":"1","in_t_total":"120.000","out_t_num":"0","out_t_total":"0.000","discount":"20.000"},{"id":"5802","in_t_num":"1","in_t_total":"120.000","out_t_num":"0","out_t_total":"0.000","discount":"20.000"},{"id":"5804","in_t_num":"1","in_t_total":"120.000","out_t_num":"0","out_t_total":"0.000","discount":"20.000"},{"id":"5806","in_t_num":"1","in_t_total":"120.000","out_t_num":"0","out_t_total":"0.000","discount":"20.000"},{"id":"5807","in_t_num":"1","in_t_total":"120.000","out_t_num":"0","out_t_total":"0.000","discount":"20.000"},{"id":"5808","in_t_num":"1","in_t_total":"120.000","out_t_num":"0","out_t_total":"0.000","discount":"20.000"},{"id":"5811","in_t_num":"1","in_t_total":"120.000","out_t_num":"0","out_t_total":"0.000","discount":"20.000"},{"id":"5813","in_t_num":"1","in_t_total":"120.000","out_t_num":"0","out_t_total":"0.000","discount":"20.000"},{"id":"6139","in_t_num":"1","in_t_total":"120.000","out_t_num":"0","out_t_total":"0.000","discount":"20.000"},{"id":"6140","in_t_num":"1","in_t_total":"120.000","out_t_num":"0","out_t_total":"0.000","discount":"20.000"},{"id":"6745","in_t_num":"1","in_t_total":"120.000","out_t_num":"0","out_t_total":"0.000","discount":"20.000"},{"id":"8966","in_t_num":"36","in_t_total":"10029.400","out_t_num":"22","out_t_total":"101878.360","discount":"831.598"},{"id":"11128","in_t_num":"1","in_t_total":"120.000","out_t_num":"0","out_t_total":"0.000","discount":"20.000"},{"id":"11613","in_t_num":"1","in_t_total":"120.000","out_t_num":"0","out_t_total":"0.000","discount":"20.000"},{"id":"20004","in_t_num":"8","in_t_total":"1460.000","out_t_num":"2","out_t_total":"460.000","discount":"170.000"},{"id":"20496","in_t_num":"2","in_t_total":"1120.000","out_t_num":"0","out_t_total":"0.000","discount":"20.000"},{"id":"20512","in_t_num":"1","in_t_total":"120.000","out_t_num":"0","out_t_total":"0.000","discount":"20.000"},{"id":"20514","in_t_num":"1","in_t_total":"120.000","out_t_num":"0","out_t_total":"0.000","discount":"20.000"},{"id":"20515","in_t_num":"1","in_t_total":"120.000","out_t_num":"0","out_t_total":"0.000","discount":"20.000"},{"id":"20516","in_t_num":"1","in_t_total":"120.000","out_t_num":"0","out_t_total":"0.000","discount":"20.000"},{"id":"20529","in_t_num":"1","in_t_total":"1000.260","out_t_num":"0","out_t_total":"0.000","discount":"20100.026"},{"id":"20530","in_t_num":"0","in_t_total":"0.000","out_t_num":"0","out_t_total":"0.000","discount":"20000.000"},{"id":"20531","in_t_num":"1","in_t_total":"100.130","out_t_num":"0","out_t_total":"0.000","discount":"20010.013"},{"id":"20532","in_t_num":"2","in_t_total":"1500.120","out_t_num":"0","out_t_total":"0.000","discount":"20130.012"},{"id":"20533","in_t_num":"0","in_t_total":"0.000","out_t_num":"0","out_t_total":"0.000","discount":"20000.000"},{"id":"20534","in_t_num":"1","in_t_total":"1000.000","out_t_num":"0","out_t_total":"0.000","discount":"20100.000"},{"id":"20535","in_t_num":"1","in_t_total":"1000.000","out_t_num":"0","out_t_total":"0.000","discount":"20100.000"},{"id":"20536","in_t_num":"0","in_t_total":"0.000","out_t_num":"0","out_t_total":"0.000","discount":"20000.000"},{"id":"20537","in_t_num":"0","in_t_total":"0.000","out_t_num":"0","out_t_total":"0.000","discount":"20000.000"},{"id":"20538","in_t_num":"0","in_t_total":"0.000","out_t_num":"0","out_t_total":"0.000","discount":"20000.000"},{"id":"20539","in_t_num":"0","in_t_total":"0.000","out_t_num":"0","out_t_total":"0.000","discount":"20000.000"},{"id":"20540","in_t_num":"0","in_t_total":"0.000","out_t_num":"0","out_t_total":"0.000","discount":"20000.000"},{"id":"20541","in_t_num":"0","in_t_total":"0.000","out_t_num":"0","out_t_total":"0.000","discount":"20000.000"},{"id":"20542","in_t_num":"0","in_t_total":"0.000","out_t_num":"0","out_t_total":"0.000","discount":"20000.000"},{"id":"20543","in_t_num":"0","in_t_total":"0.000","out_t_num":"0","out_t_total":"0.000","discount":"20000.000"},{"id":"20544","in_t_num":"0","in_t_total":"0.000","out_t_num":"0","out_t_total":"0.000","discount":"20000.000"},{"id":"20545","in_t_num":"0","in_t_total":"0.000","out_t_num":"0","out_t_total":"0.000","discount":"20000.000"},{"id":"20546","in_t_num":"0","in_t_total":"0.000","out_t_num":"0","out_t_total":"0.000","discount":"20000.000"},{"id":"20547","in_t_num":"0","in_t_total":"0.000","out_t_num":"1","out_t_total":"100.000","discount":"20000.000"},{"id":"20549","in_t_num":"7","in_t_total":"371.850","out_t_num":"0","out_t_total":"0.000","discount":"20010.076"}]
[2018-12-12 14:50:03] [] UPDATE `gc_user` SET `in_t_num` = CASE 
WHEN `id` = '4947' THEN '1'
WHEN `id` = '5787' THEN '1'
WHEN `id` = '5799' THEN '1'
WHEN `id` = '5802' THEN '1'
WHEN `id` = '5804' THEN '1'
WHEN `id` = '5806' THEN '1'
WHEN `id` = '5807' THEN '1'
WHEN `id` = '5808' THEN '1'
WHEN `id` = '5811' THEN '1'
WHEN `id` = '5813' THEN '1'
WHEN `id` = '6139' THEN '1'
WHEN `id` = '6140' THEN '1'
WHEN `id` = '6745' THEN '1'
WHEN `id` = '8966' THEN '36'
WHEN `id` = '11128' THEN '1'
WHEN `id` = '11613' THEN '1'
WHEN `id` = '20004' THEN '8'
WHEN `id` = '20496' THEN '2'
WHEN `id` = '20512' THEN '1'
WHEN `id` = '20514' THEN '1'
WHEN `id` = '20515' THEN '1'
WHEN `id` = '20516' THEN '1'
WHEN `id` = '20529' THEN '1'
WHEN `id` = '20530' THEN '0'
WHEN `id` = '20531' THEN '1'
WHEN `id` = '20532' THEN '2'
WHEN `id` = '20533' THEN '0'
WHEN `id` = '20534' THEN '1'
WHEN `id` = '20535' THEN '1'
WHEN `id` = '20536' THEN '0'
WHEN `id` = '20537' THEN '0'
WHEN `id` = '20538' THEN '0'
WHEN `id` = '20539' THEN '0'
WHEN `id` = '20540' THEN '0'
WHEN `id` = '20541' THEN '0'
WHEN `id` = '20542' THEN '0'
WHEN `id` = '20543' THEN '0'
WHEN `id` = '20544' THEN '0'
WHEN `id` = '20545' THEN '0'
WHEN `id` = '20546' THEN '0'
WHEN `id` = '20547' THEN '0'
WHEN `id` = '20549' THEN '7'
ELSE `in_t_num` END, `in_t_total` = CASE 
WHEN `id` = '4947' THEN '50000.000'
WHEN `id` = '5787' THEN '120.000'
WHEN `id` = '5799' THEN '120.000'
WHEN `id` = '5802' THEN '120.000'
WHEN `id` = '5804' THEN '120.000'
WHEN `id` = '5806' THEN '120.000'
WHEN `id` = '5807' THEN '120.000'
WHEN `id` = '5808' THEN '120.000'
WHEN `id` = '5811' THEN '120.000'
WHEN `id` = '5813' THEN '120.000'
WHEN `id` = '6139' THEN '120.000'
WHEN `id` = '6140' THEN '120.000'
WHEN `id` = '6745' THEN '120.000'
WHEN `id` = '8966' THEN '10029.400'
WHEN `id` = '11128' THEN '120.000'
WHEN `id` = '11613' THEN '120.000'
WHEN `id` = '20004' THEN '1460.000'
WHEN `id` = '20496' THEN '1120.000'
WHEN `id` = '20512' THEN '120.000'
WHEN `id` = '20514' THEN '120.000'
WHEN `id` = '20515' THEN '120.000'
WHEN `id` = '20516' THEN '120.000'
WHEN `id` = '20529' THEN '1000.260'
WHEN `id` = '20530' THEN '0.000'
WHEN `id` = '20531' THEN '100.130'
WHEN `id` = '20532' THEN '1500.120'
WHEN `id` = '20533' THEN '0.000'
WHEN `id` = '20534' THEN '1000.000'
WHEN `id` = '20535' THEN '1000.000'
WHEN `id` = '20536' THEN '0.000'
WHEN `id` = '20537' THEN '0.000'
WHEN `id` = '20538' THEN '0.000'
WHEN `id` = '20539' THEN '0.000'
WHEN `id` = '20540' THEN '0.000'
WHEN `id` = '20541' THEN '0.000'
WHEN `id` = '20542' THEN '0.000'
WHEN `id` = '20543' THEN '0.000'
WHEN `id` = '20544' THEN '0.000'
WHEN `id` = '20545' THEN '0.000'
WHEN `id` = '20546' THEN '0.000'
WHEN `id` = '20547' THEN '0.000'
WHEN `id` = '20549' THEN '371.850'
ELSE `in_t_total` END, `out_t_num` = CASE 
WHEN `id` = '4947' THEN '1'
WHEN `id` = '5787' THEN '0'
WHEN `id` = '5799' THEN '0'
WHEN `id` = '5802' THEN '0'
WHEN `id` = '5804' THEN '0'
WHEN `id` = '5806' THEN '0'
WHEN `id` = '5807' THEN '0'
WHEN `id` = '5808' THEN '0'
WHEN `id` = '5811' THEN '0'
WHEN `id` = '5813' THEN '0'
WHEN `id` = '6139' THEN '0'
WHEN `id` = '6140' THEN '0'
WHEN `id` = '6745' THEN '0'
WHEN `id` = '8966' THEN '22'
WHEN `id` = '11128' THEN '0'
WHEN `id` = '11613' THEN '0'
WHEN `id` = '20004' THEN '2'
WHEN `id` = '20496' THEN '0'
WHEN `id` = '20512' THEN '0'
WHEN `id` = '20514' THEN '0'
WHEN `id` = '20515' THEN '0'
WHEN `id` = '20516' THEN '0'
WHEN `id` = '20529' THEN '0'
WHEN `id` = '20530' THEN '0'
WHEN `id` = '20531' THEN '0'
WHEN `id` = '20532' THEN '0'
WHEN `id` = '20533' THEN '0'
WHEN `id` = '20534' THEN '0'
WHEN `id` = '20535' THEN '0'
WHEN `id` = '20536' THEN '0'
WHEN `id` = '20537' THEN '0'
WHEN `id` = '20538' THEN '0'
WHEN `id` = '20539' THEN '0'
WHEN `id` = '20540' THEN '0'
WHEN `id` = '20541' THEN '0'
WHEN `id` = '20542' THEN '0'
WHEN `id` = '20543' THEN '0'
WHEN `id` = '20544' THEN '0'
WHEN `id` = '20545' THEN '0'
WHEN `id` = '20546' THEN '0'
WHEN `id` = '20547' THEN '1'
WHEN `id` = '20549' THEN '0'
ELSE `out_t_num` END, `out_t_total` = CASE 
WHEN `id` = '4947' THEN '10000.000'
WHEN `id` = '5787' THEN '0.000'
WHEN `id` = '5799' THEN '0.000'
WHEN `id` = '5802' THEN '0.000'
WHEN `id` = '5804' THEN '0.000'
WHEN `id` = '5806' THEN '0.000'
WHEN `id` = '5807' THEN '0.000'
WHEN `id` = '5808' THEN '0.000'
WHEN `id` = '5811' THEN '0.000'
WHEN `id` = '5813' THEN '0.000'
WHEN `id` = '6139' THEN '0.000'
WHEN `id` = '6140' THEN '0.000'
WHEN `id` = '6745' THEN '0.000'
WHEN `id` = '8966' THEN '101878.360'
WHEN `id` = '11128' THEN '0.000'
WHEN `id` = '11613' THEN '0.000'
WHEN `id` = '20004' THEN '460.000'
WHEN `id` = '20496' THEN '0.000'
WHEN `id` = '20512' THEN '0.000'
WHEN `id` = '20514' THEN '0.000'
WHEN `id` = '20515' THEN '0.000'
WHEN `id` = '20516' THEN '0.000'
WHEN `id` = '20529' THEN '0.000'
WHEN `id` = '20530' THEN '0.000'
WHEN `id` = '20531' THEN '0.000'
WHEN `id` = '20532' THEN '0.000'
WHEN `id` = '20533' THEN '0.000'
WHEN `id` = '20534' THEN '0.000'
WHEN `id` = '20535' THEN '0.000'
WHEN `id` = '20536' THEN '0.000'
WHEN `id` = '20537' THEN '0.000'
WHEN `id` = '20538' THEN '0.000'
WHEN `id` = '20539' THEN '0.000'
WHEN `id` = '20540' THEN '0.000'
WHEN `id` = '20541' THEN '0.000'
WHEN `id` = '20542' THEN '0.000'
WHEN `id` = '20543' THEN '0.000'
WHEN `id` = '20544' THEN '0.000'
WHEN `id` = '20545' THEN '0.000'
WHEN `id` = '20546' THEN '0.000'
WHEN `id` = '20547' THEN '100.000'
WHEN `id` = '20549' THEN '0.000'
ELSE `out_t_total` END, `discount` = CASE 
WHEN `id` = '4947' THEN '5000.000'
WHEN `id` = '5787' THEN '20.000'
WHEN `id` = '5799' THEN '20.000'
WHEN `id` = '5802' THEN '20.000'
WHEN `id` = '5804' THEN '20.000'
WHEN `id` = '5806' THEN '20.000'
WHEN `id` = '5807' THEN '20.000'
WHEN `id` = '5808' THEN '20.000'
WHEN `id` = '5811' THEN '20.000'
WHEN `id` = '5813' THEN '20.000'
WHEN `id` = '6139' THEN '20.000'
WHEN `id` = '6140' THEN '20.000'
WHEN `id` = '6745' THEN '20.000'
WHEN `id` = '8966' THEN '831.598'
WHEN `id` = '11128' THEN '20.000'
WHEN `id` = '11613' THEN '20.000'
WHEN `id` = '20004' THEN '170.000'
WHEN `id` = '20496' THEN '20.000'
WHEN `id` = '20512' THEN '20.000'
WHEN `id` = '20514' THEN '20.000'
WHEN `id` = '20515' THEN '20.000'
WHEN `id` = '20516' THEN '20.000'
WHEN `id` = '20529' THEN '20100.026'
WHEN `id` = '20530' THEN '20000.000'
WHEN `id` = '20531' THEN '20010.013'
WHEN `id` = '20532' THEN '20130.012'
WHEN `id` = '20533' THEN '20000.000'
WHEN `id` = '20534' THEN '20100.000'
WHEN `id` = '20535' THEN '20100.000'
WHEN `id` = '20536' THEN '20000.000'
WHEN `id` = '20537' THEN '20000.000'
WHEN `id` = '20538' THEN '20000.000'
WHEN `id` = '20539' THEN '20000.000'
WHEN `id` = '20540' THEN '20000.000'
WHEN `id` = '20541' THEN '20000.000'
WHEN `id` = '20542' THEN '20000.000'
WHEN `id` = '20543' THEN '20000.000'
WHEN `id` = '20544' THEN '20000.000'
WHEN `id` = '20545' THEN '20000.000'
WHEN `id` = '20546' THEN '20000.000'
WHEN `id` = '20547' THEN '20000.000'
WHEN `id` = '20549' THEN '20010.076'
ELSE `discount` END
WHERE `id` IN('4947','5787','5799','5802','5804','5806','5807','5808','5811','5813','6139','6140','6745','8966','11128','11613','20004','20496','20512','20514','20515','20516','20529','20530','20531','20532','20533','20534','20535','20536','20537','20538','20539','20540','20541','20542','20543','20544','20545','20546','20547','20549')
