ERROR - 2018-12-11 00:03:11 --> Cache: Redis authentication failed.
ERROR - 2018-12-11 00:13:11 --> Cache: Redis authentication failed.
ERROR - 2018-12-11 00:23:11 --> Cache: Redis authentication failed.
ERROR - 2018-12-11 00:33:11 --> Cache: Redis authentication failed.
ERROR - 2018-12-11 00:43:11 --> Cache: Redis authentication failed.
ERROR - 2018-12-11 00:53:11 --> Cache: Redis authentication failed.
ERROR - 2018-12-11 01:03:11 --> Cache: Redis authentication failed.
ERROR - 2018-12-11 01:13:11 --> Cache: Redis authentication failed.
ERROR - 2018-12-11 01:23:11 --> Cache: Redis authentication failed.
ERROR - 2018-12-11 01:33:11 --> Cache: Redis authentication failed.
ERROR - 2018-12-11 01:43:11 --> Cache: Redis authentication failed.
ERROR - 2018-12-11 01:53:11 --> Cache: Redis authentication failed.
ERROR - 2018-12-11 02:03:11 --> Cache: Redis authentication failed.
ERROR - 2018-12-11 02:13:11 --> Cache: Redis authentication failed.
ERROR - 2018-12-11 02:23:11 --> Cache: Redis authentication failed.
ERROR - 2018-12-11 02:33:11 --> Cache: Redis authentication failed.
ERROR - 2018-12-11 02:43:11 --> Cache: Redis authentication failed.
ERROR - 2018-12-11 02:53:05 --> Cache: Redis authentication failed.
ERROR - 2018-12-11 03:03:05 --> Cache: Redis authentication failed.
ERROR - 2018-12-11 03:13:05 --> Cache: Redis authentication failed.
ERROR - 2018-12-11 03:23:05 --> Cache: Redis authentication failed.
ERROR - 2018-12-11 03:33:05 --> Cache: Redis authentication failed.
ERROR - 2018-12-11 03:43:05 --> Cache: Redis authentication failed.
ERROR - 2018-12-11 03:53:05 --> Cache: Redis authentication failed.
ERROR - 2018-12-11 04:03:05 --> Cache: Redis authentication failed.
ERROR - 2018-12-11 04:13:05 --> Cache: Redis authentication failed.
ERROR - 2018-12-11 04:23:05 --> Cache: Redis authentication failed.
ERROR - 2018-12-11 04:33:05 --> Cache: Redis authentication failed.
ERROR - 2018-12-11 04:43:05 --> Cache: Redis authentication failed.
ERROR - 2018-12-11 04:53:05 --> Cache: Redis authentication failed.
ERROR - 2018-12-11 05:03:05 --> Cache: Redis authentication failed.
ERROR - 2018-12-11 05:13:05 --> Cache: Redis authentication failed.
ERROR - 2018-12-11 05:23:05 --> Cache: Redis authentication failed.
ERROR - 2018-12-11 05:33:05 --> Cache: Redis authentication failed.
ERROR - 2018-12-11 05:43:05 --> Cache: Redis authentication failed.
ERROR - 2018-12-11 05:53:05 --> Cache: Redis authentication failed.
ERROR - 2018-12-11 06:03:05 --> Cache: Redis authentication failed.
ERROR - 2018-12-11 06:13:05 --> Cache: Redis authentication failed.
ERROR - 2018-12-11 06:23:05 --> Cache: Redis authentication failed.
ERROR - 2018-12-11 06:33:05 --> Cache: Redis authentication failed.
ERROR - 2018-12-11 06:43:05 --> Cache: Redis authentication failed.
ERROR - 2018-12-11 06:53:05 --> Cache: Redis authentication failed.
ERROR - 2018-12-11 07:03:05 --> Cache: Redis authentication failed.
ERROR - 2018-12-11 07:13:05 --> Cache: Redis authentication failed.
ERROR - 2018-12-11 07:23:05 --> Cache: Redis authentication failed.
ERROR - 2018-12-11 07:33:05 --> Cache: Redis authentication failed.
ERROR - 2018-12-11 07:43:05 --> Cache: Redis authentication failed.
ERROR - 2018-12-11 07:53:05 --> Cache: Redis authentication failed.
ERROR - 2018-12-11 08:03:05 --> Cache: Redis authentication failed.
ERROR - 2018-12-11 08:13:04 --> Cache: Redis authentication failed.
ERROR - 2018-12-11 08:23:04 --> Cache: Redis authentication failed.
ERROR - 2018-12-11 08:33:04 --> Cache: Redis authentication failed.
ERROR - 2018-12-11 08:43:04 --> Cache: Redis authentication failed.
ERROR - 2018-12-11 08:53:04 --> Cache: Redis authentication failed.
ERROR - 2018-12-11 09:03:05 --> Cache: Redis authentication failed.
ERROR - 2018-12-11 09:13:04 --> Cache: Redis authentication failed.
ERROR - 2018-12-11 09:23:04 --> Cache: Redis authentication failed.
ERROR - 2018-12-11 09:33:04 --> Cache: Redis authentication failed.
ERROR - 2018-12-11 09:38:54 --> Cache: Redis authentication failed.
ERROR - 2018-12-11 09:38:54 --> Cache: Redis authentication failed.
ERROR - 2018-12-11 09:38:54 --> Cache: Redis authentication failed.
ERROR - 2018-12-11 09:38:54 --> Cache: Redis authentication failed.
ERROR - 2018-12-11 09:38:59 --> Cache: Redis authentication failed.
ERROR - 2018-12-11 09:38:59 --> Cache: Redis authentication failed.
ERROR - 2018-12-11 09:38:59 --> Cache: Redis authentication failed.
ERROR - 2018-12-11 09:39:03 --> Cache: Redis authentication failed.
ERROR - 2018-12-11 09:39:03 --> Cache: Redis authentication failed.
ERROR - 2018-12-11 09:39:03 --> Cache: Redis authentication failed.
ERROR - 2018-12-11 09:39:27 --> Cache: Redis authentication failed.
ERROR - 2018-12-11 09:39:27 --> Cache: Redis authentication failed.
ERROR - 2018-12-11 09:39:27 --> Cache: Redis authentication failed.
ERROR - 2018-12-11 09:39:28 --> Cache: Redis authentication failed.
ERROR - 2018-12-11 09:39:28 --> Cache: Redis authentication failed.
ERROR - 2018-12-11 09:39:28 --> Cache: Redis authentication failed.
ERROR - 2018-12-11 09:39:28 --> Cache: Redis authentication failed.
ERROR - 2018-12-11 09:39:39 --> Cache: Redis authentication failed.
ERROR - 2018-12-11 09:39:39 --> Cache: Redis authentication failed.
ERROR - 2018-12-11 09:39:39 --> Cache: Redis authentication failed.
ERROR - 2018-12-11 09:39:39 --> Cache: Redis authentication failed.
ERROR - 2018-12-11 09:39:41 --> Cache: Redis authentication failed.
ERROR - 2018-12-11 09:39:41 --> Cache: Redis authentication failed.
ERROR - 2018-12-11 09:39:41 --> Cache: Redis authentication failed.
ERROR - 2018-12-11 09:43:04 --> Cache: Redis authentication failed.
ERROR - 2018-12-11 09:53:04 --> Cache: Redis authentication failed.
ERROR - 2018-12-11 10:03:04 --> Cache: Redis authentication failed.
ERROR - 2018-12-11 10:13:04 --> Cache: Redis authentication failed.
ERROR - 2018-12-11 10:15:11 --> Cache: Redis authentication failed.
ERROR - 2018-12-11 10:15:11 --> Cache: Redis authentication failed.
ERROR - 2018-12-11 10:15:11 --> Cache: Redis authentication failed.
ERROR - 2018-12-11 10:23:04 --> Cache: Redis authentication failed.
ERROR - 2018-12-11 10:33:05 --> Cache: Redis authentication failed.
ERROR - 2018-12-11 10:43:05 --> Cache: Redis authentication failed.
ERROR - 2018-12-11 10:53:05 --> Cache: Redis authentication failed.
ERROR - 2018-12-11 11:03:05 --> Cache: Redis authentication failed.
ERROR - 2018-12-11 11:11:32 --> Cache: Redis authentication failed.
ERROR - 2018-12-11 11:11:32 --> Cache: Redis authentication failed.
ERROR - 2018-12-11 11:11:39 --> Cache: Redis authentication failed.
ERROR - 2018-12-11 11:11:39 --> Cache: Redis authentication failed.
ERROR - 2018-12-11 11:11:40 --> Cache: Redis authentication failed.
ERROR - 2018-12-11 11:11:40 --> Cache: Redis authentication failed.
ERROR - 2018-12-11 11:12:00 --> Cache: Redis authentication failed.
ERROR - 2018-12-11 11:12:00 --> Cache: Redis authentication failed.
ERROR - 2018-12-11 11:12:20 --> Cache: Redis authentication failed.
ERROR - 2018-12-11 11:12:20 --> Cache: Redis authentication failed.
ERROR - 2018-12-11 11:12:40 --> Cache: Redis authentication failed.
ERROR - 2018-12-11 11:12:40 --> Cache: Redis authentication failed.
ERROR - 2018-12-11 11:13:00 --> Cache: Redis authentication failed.
ERROR - 2018-12-11 11:13:00 --> Cache: Redis authentication failed.
ERROR - 2018-12-11 11:13:04 --> Cache: Redis authentication failed.
ERROR - 2018-12-11 11:13:20 --> Cache: Redis authentication failed.
ERROR - 2018-12-11 11:13:20 --> Cache: Redis authentication failed.
ERROR - 2018-12-11 11:13:40 --> Cache: Redis authentication failed.
ERROR - 2018-12-11 11:13:40 --> Cache: Redis authentication failed.
ERROR - 2018-12-11 11:14:00 --> Cache: Redis authentication failed.
ERROR - 2018-12-11 11:14:00 --> Cache: Redis authentication failed.
ERROR - 2018-12-11 11:14:20 --> Cache: Redis authentication failed.
ERROR - 2018-12-11 11:14:20 --> Cache: Redis authentication failed.
ERROR - 2018-12-11 11:14:40 --> Cache: Redis authentication failed.
ERROR - 2018-12-11 11:14:40 --> Cache: Redis authentication failed.
ERROR - 2018-12-11 11:15:00 --> Cache: Redis authentication failed.
ERROR - 2018-12-11 11:15:00 --> Cache: Redis authentication failed.
ERROR - 2018-12-11 11:15:20 --> Cache: Redis authentication failed.
ERROR - 2018-12-11 11:15:20 --> Cache: Redis authentication failed.
ERROR - 2018-12-11 11:15:40 --> Cache: Redis authentication failed.
ERROR - 2018-12-11 11:15:40 --> Cache: Redis authentication failed.
ERROR - 2018-12-11 11:16:00 --> Cache: Redis authentication failed.
ERROR - 2018-12-11 11:16:00 --> Cache: Redis authentication failed.
ERROR - 2018-12-11 11:16:20 --> Cache: Redis authentication failed.
ERROR - 2018-12-11 11:16:20 --> Cache: Redis authentication failed.
ERROR - 2018-12-11 11:16:40 --> Cache: Redis authentication failed.
ERROR - 2018-12-11 11:16:40 --> Cache: Redis authentication failed.
ERROR - 2018-12-11 11:17:00 --> Cache: Redis authentication failed.
ERROR - 2018-12-11 11:17:00 --> Cache: Redis authentication failed.
ERROR - 2018-12-11 11:17:11 --> Cache: Redis authentication failed.
ERROR - 2018-12-11 11:17:11 --> Cache: Redis authentication failed.
ERROR - 2018-12-11 11:17:11 --> Cache: Redis authentication failed.
ERROR - 2018-12-11 11:17:12 --> Cache: Redis authentication failed.
ERROR - 2018-12-11 11:20:41 --> Cache: Redis authentication failed.
ERROR - 2018-12-11 11:20:41 --> Cache: Redis authentication failed.
ERROR - 2018-12-11 11:20:44 --> Cache: Redis authentication failed.
ERROR - 2018-12-11 11:20:44 --> Cache: Redis authentication failed.
ERROR - 2018-12-11 11:20:44 --> Cache: Redis authentication failed.
ERROR - 2018-12-11 11:20:45 --> Cache: Redis authentication failed.
ERROR - 2018-12-11 11:20:47 --> Cache: Redis authentication failed.
ERROR - 2018-12-11 11:20:47 --> Cache: Redis authentication failed.
ERROR - 2018-12-11 11:20:47 --> Cache: Redis authentication failed.
ERROR - 2018-12-11 11:20:47 --> Cache: Redis authentication failed.
ERROR - 2018-12-11 11:21:24 --> Cache: Redis authentication failed.
ERROR - 2018-12-11 11:21:24 --> Cache: Redis authentication failed.
ERROR - 2018-12-11 11:21:24 --> Cache: Redis authentication failed.
ERROR - 2018-12-11 11:21:24 --> Cache: Redis authentication failed.
ERROR - 2018-12-11 11:23:04 --> Cache: Redis authentication failed.
ERROR - 2018-12-11 11:30:47 --> Cache: Redis authentication failed.
ERROR - 2018-12-11 11:30:47 --> Cache: Redis authentication failed.
ERROR - 2018-12-11 11:30:47 --> Cache: Redis authentication failed.
ERROR - 2018-12-11 11:30:47 --> Cache: Redis authentication failed.
ERROR - 2018-12-11 11:30:47 --> Cache: Redis authentication failed.
ERROR - 2018-12-11 11:31:18 --> Cache: Redis authentication failed.
ERROR - 2018-12-11 11:31:18 --> Cache: Redis authentication failed.
ERROR - 2018-12-11 11:31:48 --> Cache: Redis authentication failed.
ERROR - 2018-12-11 11:31:48 --> Cache: Redis authentication failed.
ERROR - 2018-12-11 11:32:18 --> Cache: Redis authentication failed.
ERROR - 2018-12-11 11:32:18 --> Cache: Redis authentication failed.
ERROR - 2018-12-11 11:32:48 --> Cache: Redis authentication failed.
ERROR - 2018-12-11 11:32:48 --> Cache: Redis authentication failed.
ERROR - 2018-12-11 11:33:00 --> Cache: Redis authentication failed.
ERROR - 2018-12-11 11:33:00 --> Cache: Redis authentication failed.
ERROR - 2018-12-11 11:33:00 --> Cache: Redis authentication failed.
ERROR - 2018-12-11 11:33:00 --> Cache: Redis authentication failed.
ERROR - 2018-12-11 11:33:00 --> Cache: Redis authentication failed.
ERROR - 2018-12-11 11:33:04 --> Cache: Redis authentication failed.
ERROR - 2018-12-11 11:43:05 --> Cache: Redis authentication failed.
ERROR - 2018-12-11 11:53:05 --> Cache: Redis authentication failed.
ERROR - 2018-12-11 12:03:05 --> Cache: Redis authentication failed.
ERROR - 2018-12-11 12:13:05 --> Cache: Redis authentication failed.
ERROR - 2018-12-11 12:16:31 --> Cache: Redis authentication failed.
ERROR - 2018-12-11 12:16:31 --> Cache: Redis authentication failed.
ERROR - 2018-12-11 12:16:31 --> Cache: Redis authentication failed.
ERROR - 2018-12-11 12:17:52 --> Cache: Redis authentication failed.
ERROR - 2018-12-11 12:17:52 --> Cache: Redis authentication failed.
ERROR - 2018-12-11 12:17:52 --> Cache: Redis authentication failed.
ERROR - 2018-12-11 12:20:38 --> Cache: Redis authentication failed.
ERROR - 2018-12-11 12:20:38 --> Cache: Redis authentication failed.
ERROR - 2018-12-11 12:20:38 --> Cache: Redis authentication failed.
ERROR - 2018-12-11 12:22:13 --> Cache: Redis authentication failed.
ERROR - 2018-12-11 12:22:13 --> Cache: Redis authentication failed.
ERROR - 2018-12-11 12:22:13 --> Cache: Redis authentication failed.
ERROR - 2018-12-11 12:23:04 --> Cache: Redis authentication failed.
ERROR - 2018-12-11 12:32:42 --> Cache: Redis authentication failed.
ERROR - 2018-12-11 12:32:42 --> Cache: Redis authentication failed.
ERROR - 2018-12-11 12:32:43 --> Cache: Redis authentication failed.
ERROR - 2018-12-11 12:32:44 --> Cache: Redis authentication failed.
ERROR - 2018-12-11 12:32:44 --> Cache: Redis authentication failed.
ERROR - 2018-12-11 12:32:44 --> Cache: Redis authentication failed.
ERROR - 2018-12-11 12:32:44 --> Query error: Unknown column 'a.people_remark' in 'field list' - Invalid query: SELECT `d`.`balance` as `balance`, `a`.`agent_id` as `agent_id`, `c`.`username` as `admin_name`, `e`.`bank_name` as `bank_name`, `a`.`uid` as `uid`, `a`.`id` as `id`, `a`.`is_first` as `is_first`, `a`.`order_num`, `a`.`price` as `price`, `a`.`hand_fee` as `hand_fee`, `a`.`admin_fee` as `admin_fee`, `a`.`people_remark` as `people_remark`, `a`.`remark` as `remark`, `a`.`actual_price` as `actual_price`, `a`.`is_pass` as `is_pass`, `a`.`addtime` as `addtime`, `a`.`updated` as `updated`, `a`.`status` as `status`, `a`.`admin_id` as `admin_id`, `a`.`url` as `url`, `a`.`o_status` as `o_status`, `a`.`from_way` as `from_way`
FROM `gc_cash_out_manage` as `a`
LEFT JOIN `gc_user_detail` as `e` ON `e`.`uid`=`a`.`uid`
LEFT JOIN `gc_admin` as `c` ON `c`.`id`=`a`.`admin_id`
LEFT JOIN `gc_cash_list` as `d` ON `d`.`order_num`=`a`.`order_num`
WHERE `a`.`addtime` >= 1544457600
AND `a`.`addtime` <= 1544543999
AND `d`.`type` = 14
AND (`a`.`status` = 3 or (`a`.`status` = 2 and a.price != a.actual_price))
ORDER BY `a`.`id` DESC
 LIMIT 50
ERROR - 2018-12-11 12:33:04 --> Cache: Redis authentication failed.
ERROR - 2018-12-11 12:33:07 --> Cache: Redis authentication failed.
ERROR - 2018-12-11 12:33:07 --> Cache: Redis authentication failed.
ERROR - 2018-12-11 12:33:08 --> Cache: Redis authentication failed.
ERROR - 2018-12-11 12:33:08 --> Cache: Redis authentication failed.
ERROR - 2018-12-11 12:33:08 --> Query error: Unknown column 'a.people_remark' in 'field list' - Invalid query: SELECT `d`.`balance` as `balance`, `a`.`agent_id` as `agent_id`, `c`.`username` as `admin_name`, `e`.`bank_name` as `bank_name`, `a`.`uid` as `uid`, `a`.`id` as `id`, `a`.`is_first` as `is_first`, `a`.`order_num`, `a`.`price` as `price`, `a`.`hand_fee` as `hand_fee`, `a`.`admin_fee` as `admin_fee`, `a`.`people_remark` as `people_remark`, `a`.`remark` as `remark`, `a`.`actual_price` as `actual_price`, `a`.`is_pass` as `is_pass`, `a`.`addtime` as `addtime`, `a`.`updated` as `updated`, `a`.`status` as `status`, `a`.`admin_id` as `admin_id`, `a`.`url` as `url`, `a`.`o_status` as `o_status`, `a`.`from_way` as `from_way`
FROM `gc_cash_out_manage` as `a`
LEFT JOIN `gc_user_detail` as `e` ON `e`.`uid`=`a`.`uid`
LEFT JOIN `gc_admin` as `c` ON `c`.`id`=`a`.`admin_id`
LEFT JOIN `gc_cash_list` as `d` ON `d`.`order_num`=`a`.`order_num`
WHERE `a`.`addtime` >= 1544457600
AND `a`.`addtime` <= 1544543999
AND `d`.`type` = 14
AND (`a`.`status` = 3 or (`a`.`status` = 2 and a.price != a.actual_price))
ORDER BY `a`.`id` DESC
 LIMIT 50
ERROR - 2018-12-11 12:33:10 --> Cache: Redis authentication failed.
ERROR - 2018-12-11 12:33:10 --> Cache: Redis authentication failed.
ERROR - 2018-12-11 12:33:10 --> Cache: Redis authentication failed.
ERROR - 2018-12-11 12:33:10 --> Cache: Redis authentication failed.
ERROR - 2018-12-11 12:33:10 --> Query error: Unknown column 'a.people_remark' in 'field list' - Invalid query: SELECT `d`.`balance` as `balance`, `a`.`agent_id` as `agent_id`, `c`.`username` as `admin_name`, `e`.`bank_name` as `bank_name`, `a`.`uid` as `uid`, `a`.`id` as `id`, `a`.`is_first` as `is_first`, `a`.`order_num`, `a`.`price` as `price`, `a`.`hand_fee` as `hand_fee`, `a`.`admin_fee` as `admin_fee`, `a`.`people_remark` as `people_remark`, `a`.`remark` as `remark`, `a`.`actual_price` as `actual_price`, `a`.`is_pass` as `is_pass`, `a`.`addtime` as `addtime`, `a`.`updated` as `updated`, `a`.`status` as `status`, `a`.`admin_id` as `admin_id`, `a`.`url` as `url`, `a`.`o_status` as `o_status`, `a`.`from_way` as `from_way`
FROM `gc_cash_out_manage` as `a`
LEFT JOIN `gc_user_detail` as `e` ON `e`.`uid`=`a`.`uid`
LEFT JOIN `gc_admin` as `c` ON `c`.`id`=`a`.`admin_id`
LEFT JOIN `gc_cash_list` as `d` ON `d`.`order_num`=`a`.`order_num`
WHERE `a`.`addtime` >= 1544457600
AND `a`.`addtime` <= 1544543999
AND `d`.`type` = 14
AND (`a`.`status` = 3 or (`a`.`status` = 2 and a.price != a.actual_price))
ORDER BY `a`.`id` DESC
 LIMIT 50
ERROR - 2018-12-11 12:35:15 --> Cache: Redis authentication failed.
ERROR - 2018-12-11 12:35:15 --> Cache: Redis authentication failed.
ERROR - 2018-12-11 12:35:15 --> Cache: Redis authentication failed.
ERROR - 2018-12-11 12:35:15 --> Cache: Redis authentication failed.
ERROR - 2018-12-11 12:35:15 --> Query error: Unknown column 'a.people_remark' in 'field list' - Invalid query: SELECT `d`.`balance` as `balance`, `a`.`agent_id` as `agent_id`, `c`.`username` as `admin_name`, `e`.`bank_name` as `bank_name`, `a`.`uid` as `uid`, `a`.`id` as `id`, `a`.`is_first` as `is_first`, `a`.`order_num`, `a`.`price` as `price`, `a`.`hand_fee` as `hand_fee`, `a`.`admin_fee` as `admin_fee`, `a`.`people_remark` as `people_remark`, `a`.`remark` as `remark`, `a`.`actual_price` as `actual_price`, `a`.`is_pass` as `is_pass`, `a`.`addtime` as `addtime`, `a`.`updated` as `updated`, `a`.`status` as `status`, `a`.`admin_id` as `admin_id`, `a`.`url` as `url`, `a`.`o_status` as `o_status`, `a`.`from_way` as `from_way`
FROM `gc_cash_out_manage` as `a`
LEFT JOIN `gc_user_detail` as `e` ON `e`.`uid`=`a`.`uid`
LEFT JOIN `gc_admin` as `c` ON `c`.`id`=`a`.`admin_id`
LEFT JOIN `gc_cash_list` as `d` ON `d`.`order_num`=`a`.`order_num`
WHERE `a`.`addtime` >= 1544457600
AND `a`.`addtime` <= 1544543999
AND `d`.`type` = 14
AND (`a`.`status` = 3 or (`a`.`status` = 2 and a.price != a.actual_price))
ORDER BY `a`.`id` DESC
 LIMIT 50
ERROR - 2018-12-11 12:35:39 --> Cache: Redis authentication failed.
ERROR - 2018-12-11 12:35:39 --> Cache: Redis authentication failed.
ERROR - 2018-12-11 12:35:40 --> Cache: Redis authentication failed.
ERROR - 2018-12-11 12:35:40 --> Cache: Redis authentication failed.
ERROR - 2018-12-11 12:35:40 --> Query error: Unknown column 'a.people_remark' in 'field list' - Invalid query: SELECT `d`.`balance` as `balance`, `a`.`agent_id` as `agent_id`, `c`.`username` as `admin_name`, `e`.`bank_name` as `bank_name`, `a`.`uid` as `uid`, `a`.`id` as `id`, `a`.`is_first` as `is_first`, `a`.`order_num`, `a`.`price` as `price`, `a`.`hand_fee` as `hand_fee`, `a`.`admin_fee` as `admin_fee`, `a`.`people_remark` as `people_remark`, `a`.`remark` as `remark`, `a`.`actual_price` as `actual_price`, `a`.`is_pass` as `is_pass`, `a`.`addtime` as `addtime`, `a`.`updated` as `updated`, `a`.`status` as `status`, `a`.`admin_id` as `admin_id`, `a`.`url` as `url`, `a`.`o_status` as `o_status`, `a`.`from_way` as `from_way`
FROM `gc_cash_out_manage` as `a`
LEFT JOIN `gc_user_detail` as `e` ON `e`.`uid`=`a`.`uid`
LEFT JOIN `gc_admin` as `c` ON `c`.`id`=`a`.`admin_id`
LEFT JOIN `gc_cash_list` as `d` ON `d`.`order_num`=`a`.`order_num`
WHERE `a`.`addtime` >= 1544457600
AND `a`.`addtime` <= 1544543999
AND `d`.`type` = 14
AND (`a`.`status` = 3 or (`a`.`status` = 2 and a.price != a.actual_price))
ORDER BY `a`.`id` DESC
 LIMIT 50
ERROR - 2018-12-11 12:36:26 --> Cache: Redis authentication failed.
ERROR - 2018-12-11 12:36:26 --> Cache: Redis authentication failed.
ERROR - 2018-12-11 12:36:27 --> Cache: Redis authentication failed.
ERROR - 2018-12-11 12:36:27 --> Cache: Redis authentication failed.
ERROR - 2018-12-11 12:36:27 --> Query error: Unknown column 'a.o_status' in 'field list' - Invalid query: SELECT `d`.`balance` as `balance`, `a`.`agent_id` as `agent_id`, `c`.`username` as `admin_name`, `e`.`bank_name` as `bank_name`, `a`.`uid` as `uid`, `a`.`id` as `id`, `a`.`is_first` as `is_first`, `a`.`order_num`, `a`.`price` as `price`, `a`.`hand_fee` as `hand_fee`, `a`.`admin_fee` as `admin_fee`, `a`.`remark` as `remark`, `a`.`actual_price` as `actual_price`, `a`.`is_pass` as `is_pass`, `a`.`addtime` as `addtime`, `a`.`updated` as `updated`, `a`.`status` as `status`, `a`.`admin_id` as `admin_id`, `a`.`url` as `url`, `a`.`o_status` as `o_status`, `a`.`from_way` as `from_way`
FROM `gc_cash_out_manage` as `a`
LEFT JOIN `gc_user_detail` as `e` ON `e`.`uid`=`a`.`uid`
LEFT JOIN `gc_admin` as `c` ON `c`.`id`=`a`.`admin_id`
LEFT JOIN `gc_cash_list` as `d` ON `d`.`order_num`=`a`.`order_num`
WHERE `a`.`addtime` >= 1544457600
AND `a`.`addtime` <= 1544543999
AND `d`.`type` = 14
AND (`a`.`status` = 3 or (`a`.`status` = 2 and a.price != a.actual_price))
ORDER BY `a`.`id` DESC
 LIMIT 50
ERROR - 2018-12-11 12:36:44 --> Cache: Redis authentication failed.
ERROR - 2018-12-11 12:36:44 --> Cache: Redis authentication failed.
ERROR - 2018-12-11 12:36:44 --> Cache: Redis authentication failed.
ERROR - 2018-12-11 12:36:44 --> Cache: Redis authentication failed.
ERROR - 2018-12-11 12:36:53 --> Cache: Redis authentication failed.
ERROR - 2018-12-11 12:36:53 --> Cache: Redis authentication failed.
ERROR - 2018-12-11 12:36:53 --> Cache: Redis authentication failed.
ERROR - 2018-12-11 12:36:53 --> Cache: Redis authentication failed.
ERROR - 2018-12-11 12:43:10 --> Cache: Redis authentication failed.
ERROR - 2018-12-11 12:53:06 --> Cache: Redis authentication failed.
ERROR - 2018-12-11 12:55:37 --> Cache: Redis authentication failed.
ERROR - 2018-12-11 12:55:37 --> Cache: Redis authentication failed.
ERROR - 2018-12-11 12:55:37 --> Cache: Redis authentication failed.
ERROR - 2018-12-11 12:55:37 --> Cache: Redis authentication failed.
ERROR - 2018-12-11 12:55:43 --> Cache: Redis authentication failed.
ERROR - 2018-12-11 12:55:44 --> Cache: Redis authentication failed.
ERROR - 2018-12-11 12:55:44 --> Cache: Redis authentication failed.
ERROR - 2018-12-11 12:55:44 --> Cache: Redis authentication failed.
ERROR - 2018-12-11 13:01:00 --> Cache: Redis authentication failed.
ERROR - 2018-12-11 13:01:00 --> Cache: Redis authentication failed.
ERROR - 2018-12-11 13:03:05 --> Cache: Redis authentication failed.
ERROR - 2018-12-11 13:03:59 --> Cache: Redis authentication failed.
ERROR - 2018-12-11 13:03:59 --> Cache: Redis authentication failed.
ERROR - 2018-12-11 13:03:59 --> Cache: Redis authentication failed.
ERROR - 2018-12-11 13:13:04 --> Cache: Redis authentication failed.
ERROR - 2018-12-11 13:23:04 --> Cache: Redis authentication failed.
ERROR - 2018-12-11 13:30:32 --> Cache: Redis authentication failed.
ERROR - 2018-12-11 13:30:32 --> Cache: Redis authentication failed.
ERROR - 2018-12-11 13:30:32 --> Cache: Redis authentication failed.
ERROR - 2018-12-11 13:30:32 --> Cache: Redis authentication failed.
ERROR - 2018-12-11 13:30:51 --> Cache: Redis authentication failed.
ERROR - 2018-12-11 13:30:51 --> Cache: Redis authentication failed.
ERROR - 2018-12-11 13:30:51 --> Cache: Redis authentication failed.
ERROR - 2018-12-11 13:32:24 --> Cache: Redis authentication failed.
ERROR - 2018-12-11 13:32:24 --> Cache: Redis authentication failed.
ERROR - 2018-12-11 13:32:24 --> Cache: Redis authentication failed.
ERROR - 2018-12-11 13:32:24 --> Cache: Redis authentication failed.
ERROR - 2018-12-11 13:33:04 --> Cache: Redis authentication failed.
ERROR - 2018-12-11 13:43:05 --> Cache: Redis authentication failed.
ERROR - 2018-12-11 13:49:15 --> Cache: Redis authentication failed.
ERROR - 2018-12-11 13:49:16 --> Cache: Redis authentication failed.
ERROR - 2018-12-11 13:49:16 --> Cache: Redis authentication failed.
ERROR - 2018-12-11 13:53:05 --> Cache: Redis authentication failed.
ERROR - 2018-12-11 14:03:05 --> Cache: Redis authentication failed.
ERROR - 2018-12-11 14:13:05 --> Cache: Redis authentication failed.
ERROR - 2018-12-11 14:23:05 --> Cache: Redis authentication failed.
ERROR - 2018-12-11 14:33:05 --> Cache: Redis authentication failed.
ERROR - 2018-12-11 14:36:32 --> Cache: Redis authentication failed.
ERROR - 2018-12-11 14:36:32 --> Cache: Redis authentication failed.
ERROR - 2018-12-11 14:36:33 --> Cache: Redis authentication failed.
ERROR - 2018-12-11 14:36:33 --> Cache: Redis authentication failed.
ERROR - 2018-12-11 14:36:33 --> Query error: Unknown column 'gc_// a.people_remark' in 'field list' - Invalid query: SELECT `d`.`balance` as `balance`, `a`.`agent_id` as `agent_id`, `c`.`username` as `admin_name`, `e`.`bank_name` as `bank_name`, `a`.`uid` as `uid`, `a`.`id` as `id`, `a`.`is_first` as `is_first`, `a`.`order_num`, `a`.`price` as `price`, `a`.`hand_fee` as `hand_fee`, `a`.`admin_fee` as `admin_fee`, `gc_// a`.`people_remark` as `people_remark`, `a`.`remark` as `remark`, `a`.`actual_price` as `actual_price`, `a`.`is_pass` as `is_pass`, `a`.`addtime` as `addtime`, `a`.`updated` as `updated`, `a`.`status` as `status`, `a`.`admin_id` as `admin_id`, `a`.`url` as `url`, `a`.`o_status` as `o_status`, `a`.`from_way` as `from_way`
FROM `gc_cash_out_manage` as `a`
LEFT JOIN `gc_user_detail` as `e` ON `e`.`uid`=`a`.`uid`
LEFT JOIN `gc_admin` as `c` ON `c`.`id`=`a`.`admin_id`
LEFT JOIN `gc_cash_list` as `d` ON `d`.`order_num`=`a`.`order_num`
WHERE `a`.`addtime` >= 1544457600
AND `a`.`addtime` <= 1544543999
AND `d`.`type` = 14
AND (`a`.`status` = 3 or (`a`.`status` = 2 and a.price != a.actual_price))
ORDER BY `a`.`id` DESC
 LIMIT 50
ERROR - 2018-12-11 14:36:54 --> Cache: Redis authentication failed.
ERROR - 2018-12-11 14:36:54 --> Cache: Redis authentication failed.
ERROR - 2018-12-11 14:36:54 --> Cache: Redis authentication failed.
ERROR - 2018-12-11 14:36:54 --> Cache: Redis authentication failed.
ERROR - 2018-12-11 14:43:05 --> Cache: Redis authentication failed.
ERROR - 2018-12-11 14:53:05 --> Cache: Redis authentication failed.
ERROR - 2018-12-11 15:00:18 --> Cache: Redis authentication failed.
ERROR - 2018-12-11 15:00:18 --> Cache: Redis authentication failed.
ERROR - 2018-12-11 15:00:18 --> Cache: Redis authentication failed.
ERROR - 2018-12-11 15:00:18 --> Cache: Redis authentication failed.
ERROR - 2018-12-11 15:00:21 --> Cache: Redis authentication failed.
ERROR - 2018-12-11 15:00:21 --> Cache: Redis authentication failed.
ERROR - 2018-12-11 15:00:22 --> Cache: Redis authentication failed.
ERROR - 2018-12-11 15:00:22 --> Cache: Redis authentication failed.
ERROR - 2018-12-11 15:01:26 --> Cache: Redis authentication failed.
ERROR - 2018-12-11 15:01:26 --> Cache: Redis authentication failed.
ERROR - 2018-12-11 15:01:26 --> Cache: Redis authentication failed.
ERROR - 2018-12-11 15:01:26 --> Cache: Redis authentication failed.
ERROR - 2018-12-11 15:01:31 --> Cache: Redis authentication failed.
ERROR - 2018-12-11 15:01:31 --> Cache: Redis authentication failed.
ERROR - 2018-12-11 15:03:04 --> Cache: Redis authentication failed.
ERROR - 2018-12-11 15:13:05 --> Cache: Redis authentication failed.
ERROR - 2018-12-11 15:18:58 --> Cache: Redis authentication failed.
ERROR - 2018-12-11 15:18:58 --> Cache: Redis authentication failed.
ERROR - 2018-12-11 15:19:00 --> Cache: Redis authentication failed.
ERROR - 2018-12-11 15:19:00 --> Cache: Redis authentication failed.
ERROR - 2018-12-11 15:19:00 --> Cache: Redis authentication failed.
ERROR - 2018-12-11 15:19:15 --> Cache: Redis authentication failed.
ERROR - 2018-12-11 15:19:15 --> Cache: Redis authentication failed.
ERROR - 2018-12-11 15:19:16 --> Cache: Redis authentication failed.
ERROR - 2018-12-11 15:19:16 --> Cache: Redis authentication failed.
ERROR - 2018-12-11 15:19:20 --> Cache: Redis authentication failed.
ERROR - 2018-12-11 15:19:20 --> Cache: Redis authentication failed.
ERROR - 2018-12-11 15:19:27 --> Cache: Redis authentication failed.
ERROR - 2018-12-11 15:19:27 --> Cache: Redis authentication failed.
ERROR - 2018-12-11 15:19:47 --> Cache: Redis authentication failed.
ERROR - 2018-12-11 15:19:47 --> Cache: Redis authentication failed.
ERROR - 2018-12-11 15:20:56 --> Cache: Redis authentication failed.
ERROR - 2018-12-11 15:20:56 --> Cache: Redis authentication failed.
ERROR - 2018-12-11 15:23:04 --> Cache: Redis authentication failed.
ERROR - 2018-12-11 15:33:04 --> Cache: Redis authentication failed.
ERROR - 2018-12-11 15:43:04 --> Cache: Redis authentication failed.
ERROR - 2018-12-11 15:53:05 --> Cache: Redis authentication failed.
ERROR - 2018-12-11 16:03:09 --> Cache: Redis authentication failed.
ERROR - 2018-12-11 16:13:05 --> Cache: Redis authentication failed.
ERROR - 2018-12-11 16:23:04 --> Cache: Redis authentication failed.
ERROR - 2018-12-11 16:33:05 --> Cache: Redis authentication failed.
ERROR - 2018-12-11 16:43:05 --> Cache: Redis authentication failed.
ERROR - 2018-12-11 16:50:03 --> Cache: Redis authentication failed.
ERROR - 2018-12-11 16:50:03 --> Cache: Redis authentication failed.
ERROR - 2018-12-11 16:50:03 --> Cache: Redis authentication failed.
ERROR - 2018-12-11 16:50:03 --> Cache: Redis authentication failed.
ERROR - 2018-12-11 16:50:06 --> Cache: Redis authentication failed.
ERROR - 2018-12-11 16:50:06 --> Cache: Redis authentication failed.
ERROR - 2018-12-11 16:50:08 --> Cache: Redis authentication failed.
ERROR - 2018-12-11 16:50:08 --> Cache: Redis authentication failed.
ERROR - 2018-12-11 16:50:08 --> Cache: Redis authentication failed.
ERROR - 2018-12-11 16:50:08 --> Cache: Redis authentication failed.
ERROR - 2018-12-11 16:50:22 --> Cache: Redis authentication failed.
ERROR - 2018-12-11 16:50:24 --> Cache: Redis authentication failed.
ERROR - 2018-12-11 16:50:27 --> Cache: Redis authentication failed.
ERROR - 2018-12-11 16:50:27 --> Cache: Redis authentication failed.
ERROR - 2018-12-11 16:50:29 --> Cache: Redis authentication failed.
ERROR - 2018-12-11 16:50:29 --> Cache: Redis authentication failed.
ERROR - 2018-12-11 16:50:29 --> Cache: Redis authentication failed.
ERROR - 2018-12-11 16:50:29 --> Cache: Redis authentication failed.
ERROR - 2018-12-11 16:50:29 --> Cache: Redis authentication failed.
ERROR - 2018-12-11 16:50:29 --> Cache: Redis authentication failed.
ERROR - 2018-12-11 16:50:30 --> Cache: Redis authentication failed.
ERROR - 2018-12-11 16:50:30 --> Cache: Redis authentication failed.
ERROR - 2018-12-11 16:50:30 --> Cache: Redis authentication failed.
ERROR - 2018-12-11 16:50:30 --> Cache: Redis authentication failed.
ERROR - 2018-12-11 16:50:33 --> Cache: Redis authentication failed.
ERROR - 2018-12-11 16:50:35 --> Cache: Redis authentication failed.
ERROR - 2018-12-11 16:50:35 --> Cache: Redis authentication failed.
ERROR - 2018-12-11 16:50:43 --> Cache: Redis authentication failed.
ERROR - 2018-12-11 16:50:43 --> Cache: Redis authentication failed.
ERROR - 2018-12-11 16:50:43 --> Cache: Redis authentication failed.
ERROR - 2018-12-11 16:50:44 --> Cache: Redis authentication failed.
ERROR - 2018-12-11 16:50:44 --> Cache: Redis authentication failed.
ERROR - 2018-12-11 16:50:44 --> Cache: Redis authentication failed.
ERROR - 2018-12-11 16:50:44 --> Cache: Redis authentication failed.
ERROR - 2018-12-11 16:50:57 --> Cache: Redis authentication failed.
ERROR - 2018-12-11 16:50:57 --> Cache: Redis authentication failed.
ERROR - 2018-12-11 16:50:57 --> Cache: Redis authentication failed.
ERROR - 2018-12-11 16:50:58 --> Cache: Redis authentication failed.
ERROR - 2018-12-11 16:53:05 --> Cache: Redis authentication failed.
ERROR - 2018-12-11 16:55:14 --> Cache: Redis authentication failed.
ERROR - 2018-12-11 16:55:14 --> Cache: Redis authentication failed.
ERROR - 2018-12-11 16:55:22 --> Cache: Redis authentication failed.
ERROR - 2018-12-11 16:55:22 --> Cache: Redis authentication failed.
ERROR - 2018-12-11 16:55:22 --> Cache: Redis authentication failed.
ERROR - 2018-12-11 16:55:24 --> Cache: Redis authentication failed.
ERROR - 2018-12-11 16:55:24 --> Cache: Redis authentication failed.
ERROR - 2018-12-11 16:55:31 --> Cache: Redis authentication failed.
ERROR - 2018-12-11 16:55:31 --> Cache: Redis authentication failed.
ERROR - 2018-12-11 16:55:42 --> Cache: Redis authentication failed.
ERROR - 2018-12-11 16:55:42 --> Cache: Redis authentication failed.
ERROR - 2018-12-11 16:55:42 --> Cache: Redis authentication failed.
ERROR - 2018-12-11 16:55:44 --> Cache: Redis authentication failed.
ERROR - 2018-12-11 16:55:44 --> Cache: Redis authentication failed.
ERROR - 2018-12-11 16:55:50 --> Cache: Redis authentication failed.
ERROR - 2018-12-11 16:55:50 --> Cache: Redis authentication failed.
ERROR - 2018-12-11 16:56:02 --> Cache: Redis authentication failed.
ERROR - 2018-12-11 16:56:02 --> Cache: Redis authentication failed.
ERROR - 2018-12-11 16:56:02 --> Cache: Redis authentication failed.
ERROR - 2018-12-11 16:56:04 --> Cache: Redis authentication failed.
ERROR - 2018-12-11 16:56:04 --> Cache: Redis authentication failed.
ERROR - 2018-12-11 16:56:07 --> Cache: Redis authentication failed.
ERROR - 2018-12-11 16:56:07 --> Cache: Redis authentication failed.
ERROR - 2018-12-11 16:56:07 --> Cache: Redis authentication failed.
ERROR - 2018-12-11 16:56:07 --> Cache: Redis authentication failed.
ERROR - 2018-12-11 16:57:40 --> Cache: Redis authentication failed.
ERROR - 2018-12-11 16:57:40 --> Cache: Redis authentication failed.
ERROR - 2018-12-11 16:57:49 --> Cache: Redis authentication failed.
ERROR - 2018-12-11 16:57:49 --> Cache: Redis authentication failed.
ERROR - 2018-12-11 16:57:49 --> Cache: Redis authentication failed.
ERROR - 2018-12-11 16:57:51 --> Cache: Redis authentication failed.
ERROR - 2018-12-11 16:57:51 --> Cache: Redis authentication failed.
ERROR - 2018-12-11 16:58:17 --> Cache: Redis authentication failed.
ERROR - 2018-12-11 16:58:17 --> Cache: Redis authentication failed.
ERROR - 2018-12-11 16:58:22 --> Cache: Redis authentication failed.
ERROR - 2018-12-11 16:58:22 --> Cache: Redis authentication failed.
ERROR - 2018-12-11 16:58:22 --> Cache: Redis authentication failed.
ERROR - 2018-12-11 16:58:24 --> Cache: Redis authentication failed.
ERROR - 2018-12-11 16:58:24 --> Cache: Redis authentication failed.
ERROR - 2018-12-11 16:58:39 --> Cache: Redis authentication failed.
ERROR - 2018-12-11 16:58:39 --> Cache: Redis authentication failed.
ERROR - 2018-12-11 16:58:44 --> Cache: Redis authentication failed.
ERROR - 2018-12-11 16:58:44 --> Cache: Redis authentication failed.
ERROR - 2018-12-11 16:58:44 --> Cache: Redis authentication failed.
ERROR - 2018-12-11 16:58:46 --> Cache: Redis authentication failed.
ERROR - 2018-12-11 16:58:46 --> Cache: Redis authentication failed.
ERROR - 2018-12-11 17:00:29 --> Cache: Redis authentication failed.
ERROR - 2018-12-11 17:03:05 --> Cache: Redis authentication failed.
ERROR - 2018-12-11 17:10:31 --> Cache: Redis authentication failed.
ERROR - 2018-12-11 17:13:04 --> Cache: Redis authentication failed.
ERROR - 2018-12-11 17:20:29 --> Cache: Redis authentication failed.
ERROR - 2018-12-11 17:23:05 --> Cache: Redis authentication failed.
ERROR - 2018-12-11 17:30:30 --> Cache: Redis authentication failed.
ERROR - 2018-12-11 17:33:05 --> Cache: Redis authentication failed.
ERROR - 2018-12-11 17:40:29 --> Cache: Redis authentication failed.
ERROR - 2018-12-11 17:42:45 --> Cache: Redis authentication failed.
ERROR - 2018-12-11 17:42:45 --> Cache: Redis authentication failed.
ERROR - 2018-12-11 17:42:45 --> Cache: Redis authentication failed.
ERROR - 2018-12-11 17:42:45 --> Cache: Redis authentication failed.
ERROR - 2018-12-11 17:42:49 --> Cache: Redis authentication failed.
ERROR - 2018-12-11 17:42:49 --> Cache: Redis authentication failed.
ERROR - 2018-12-11 17:42:58 --> Cache: Redis authentication failed.
ERROR - 2018-12-11 17:42:58 --> Cache: Redis authentication failed.
ERROR - 2018-12-11 17:42:58 --> Cache: Redis authentication failed.
ERROR - 2018-12-11 17:43:00 --> Cache: Redis authentication failed.
ERROR - 2018-12-11 17:43:00 --> Cache: Redis authentication failed.
ERROR - 2018-12-11 17:43:04 --> Cache: Redis authentication failed.
ERROR - 2018-12-11 17:50:30 --> Cache: Redis authentication failed.
ERROR - 2018-12-11 17:53:05 --> Cache: Redis authentication failed.
