ERROR - 2018-12-07 00:08:39 --> Cache: Redis authentication failed.
ERROR - 2018-12-07 00:18:40 --> Cache: Redis authentication failed.
ERROR - 2018-12-07 00:28:40 --> Cache: Redis authentication failed.
ERROR - 2018-12-07 00:38:39 --> Cache: Redis authentication failed.
ERROR - 2018-12-07 00:48:40 --> Cache: Redis authentication failed.
ERROR - 2018-12-07 00:58:39 --> Cache: Redis authentication failed.
ERROR - 2018-12-07 01:08:38 --> Cache: Redis authentication failed.
ERROR - 2018-12-07 01:18:39 --> Cache: Redis authentication failed.
ERROR - 2018-12-07 01:28:38 --> Cache: Redis authentication failed.
ERROR - 2018-12-07 01:38:39 --> Cache: Redis authentication failed.
ERROR - 2018-12-07 01:48:39 --> Cache: Redis authentication failed.
ERROR - 2018-12-07 01:58:38 --> Cache: Redis authentication failed.
ERROR - 2018-12-07 02:08:38 --> Cache: Redis authentication failed.
ERROR - 2018-12-07 02:18:39 --> Cache: Redis authentication failed.
ERROR - 2018-12-07 02:28:39 --> Cache: Redis authentication failed.
ERROR - 2018-12-07 02:38:39 --> Cache: Redis authentication failed.
ERROR - 2018-12-07 02:48:39 --> Cache: Redis authentication failed.
ERROR - 2018-12-07 02:58:39 --> Cache: Redis authentication failed.
ERROR - 2018-12-07 03:08:39 --> Cache: Redis authentication failed.
ERROR - 2018-12-07 03:18:39 --> Cache: Redis authentication failed.
ERROR - 2018-12-07 03:28:39 --> Cache: Redis authentication failed.
ERROR - 2018-12-07 03:38:39 --> Cache: Redis authentication failed.
ERROR - 2018-12-07 03:48:39 --> Cache: Redis authentication failed.
ERROR - 2018-12-07 03:58:39 --> Cache: Redis authentication failed.
ERROR - 2018-12-07 04:08:39 --> Cache: Redis authentication failed.
ERROR - 2018-12-07 04:18:39 --> Cache: Redis authentication failed.
ERROR - 2018-12-07 04:28:38 --> Cache: Redis authentication failed.
ERROR - 2018-12-07 04:38:38 --> Cache: Redis authentication failed.
ERROR - 2018-12-07 04:48:38 --> Cache: Redis authentication failed.
ERROR - 2018-12-07 04:58:39 --> Cache: Redis authentication failed.
ERROR - 2018-12-07 05:08:38 --> Cache: Redis authentication failed.
ERROR - 2018-12-07 05:18:39 --> Cache: Redis authentication failed.
ERROR - 2018-12-07 05:28:38 --> Cache: Redis authentication failed.
ERROR - 2018-12-07 05:38:38 --> Cache: Redis authentication failed.
ERROR - 2018-12-07 05:48:38 --> Cache: Redis authentication failed.
ERROR - 2018-12-07 05:58:38 --> Cache: Redis authentication failed.
ERROR - 2018-12-07 06:08:39 --> Cache: Redis authentication failed.
ERROR - 2018-12-07 06:18:39 --> Cache: Redis authentication failed.
ERROR - 2018-12-07 06:28:39 --> Cache: Redis authentication failed.
ERROR - 2018-12-07 06:38:38 --> Cache: Redis authentication failed.
ERROR - 2018-12-07 06:48:39 --> Cache: Redis authentication failed.
ERROR - 2018-12-07 06:58:39 --> Cache: Redis authentication failed.
ERROR - 2018-12-07 07:08:35 --> Cache: Redis authentication failed.
ERROR - 2018-12-07 07:18:32 --> Cache: Redis authentication failed.
ERROR - 2018-12-07 07:28:33 --> Cache: Redis authentication failed.
ERROR - 2018-12-07 07:38:33 --> Cache: Redis authentication failed.
ERROR - 2018-12-07 07:48:33 --> Cache: Redis authentication failed.
ERROR - 2018-12-07 07:58:33 --> Cache: Redis authentication failed.
ERROR - 2018-12-07 08:08:33 --> Cache: Redis authentication failed.
ERROR - 2018-12-07 08:18:33 --> Cache: Redis authentication failed.
ERROR - 2018-12-07 08:28:33 --> Cache: Redis authentication failed.
ERROR - 2018-12-07 08:38:32 --> Cache: Redis authentication failed.
ERROR - 2018-12-07 08:48:33 --> Cache: Redis authentication failed.
ERROR - 2018-12-07 08:58:32 --> Cache: Redis authentication failed.
ERROR - 2018-12-07 09:08:33 --> Cache: Redis authentication failed.
ERROR - 2018-12-07 09:18:33 --> Cache: Redis authentication failed.
ERROR - 2018-12-07 09:19:48 --> Cache: Redis authentication failed.
ERROR - 2018-12-07 09:23:50 --> Cache: Redis authentication failed.
ERROR - 2018-12-07 09:24:22 --> Cache: Redis authentication failed.
ERROR - 2018-12-07 09:28:32 --> Cache: Redis authentication failed.
ERROR - 2018-12-07 09:38:26 --> Cache: Redis authentication failed.
ERROR - 2018-12-07 09:38:31 --> Cache: Redis authentication failed.
ERROR - 2018-12-07 09:38:52 --> Cache: Redis authentication failed.
ERROR - 2018-12-07 09:47:32 --> Cache: Redis authentication failed.
ERROR - 2018-12-07 09:47:41 --> Cache: Redis authentication failed.
ERROR - 2018-12-07 09:48:04 --> Cache: Redis authentication failed.
ERROR - 2018-12-07 09:48:17 --> Cache: Redis authentication failed.
ERROR - 2018-12-07 09:48:31 --> Cache: Redis authentication failed.
ERROR - 2018-12-07 09:48:50 --> Cache: Redis authentication failed.
ERROR - 2018-12-07 09:49:15 --> Cache: Redis authentication failed.
ERROR - 2018-12-07 09:52:15 --> Cache: Redis authentication failed.
ERROR - 2018-12-07 09:53:07 --> Cache: Redis authentication failed.
ERROR - 2018-12-07 09:53:32 --> Cache: Redis authentication failed.
ERROR - 2018-12-07 09:54:11 --> Cache: Redis authentication failed.
ERROR - 2018-12-07 09:58:31 --> Cache: Redis authentication failed.
ERROR - 2018-12-07 10:08:31 --> Cache: Redis authentication failed.
ERROR - 2018-12-07 10:18:37 --> Cache: Redis authentication failed.
ERROR - 2018-12-07 10:28:36 --> Cache: Redis authentication failed.
ERROR - 2018-12-07 10:38:38 --> Cache: Redis authentication failed.
ERROR - 2018-12-07 10:40:08 --> Cache: Redis authentication failed.
ERROR - 2018-12-07 14:00:15 --> Cache: Redis authentication failed.
ERROR - 2018-12-07 14:00:20 --> Cache: Redis authentication failed.
ERROR - 2018-12-07 14:00:28 --> Cache: Redis authentication failed.
ERROR - 2018-12-07 14:00:28 --> Cache: Redis authentication failed.
ERROR - 2018-12-07 14:02:28 --> Cache: Redis authentication failed.
ERROR - 2018-12-07 14:02:28 --> Cache: Redis authentication failed.
ERROR - 2018-12-07 14:02:28 --> Cache: Redis authentication failed.
ERROR - 2018-12-07 14:02:33 --> Cache: Redis authentication failed.
ERROR - 2018-12-07 14:02:39 --> Cache: Redis authentication failed.
ERROR - 2018-12-07 14:02:44 --> Cache: Redis authentication failed.
ERROR - 2018-12-07 14:02:44 --> Cache: Redis authentication failed.
ERROR - 2018-12-07 14:02:44 --> Cache: Redis authentication failed.
ERROR - 2018-12-07 14:02:44 --> Cache: Redis authentication failed.
ERROR - 2018-12-07 14:03:16 --> Cache: Redis authentication failed.
ERROR - 2018-12-07 14:03:30 --> Cache: Redis authentication failed.
ERROR - 2018-12-07 14:04:29 --> Cache: Redis authentication failed.
ERROR - 2018-12-07 14:04:35 --> Cache: Redis authentication failed.
ERROR - 2018-12-07 14:12:34 --> Cache: Redis authentication failed.
ERROR - 2018-12-07 14:22:34 --> Cache: Redis authentication failed.
ERROR - 2018-12-07 14:32:34 --> Cache: Redis authentication failed.
ERROR - 2018-12-07 14:42:34 --> Cache: Redis authentication failed.
ERROR - 2018-12-07 14:52:34 --> Cache: Redis authentication failed.
ERROR - 2018-12-07 14:56:27 --> Cache: Redis authentication failed.
ERROR - 2018-12-07 14:56:27 --> Cache: Redis authentication failed.
ERROR - 2018-12-07 14:56:28 --> Cache: Redis authentication failed.
ERROR - 2018-12-07 14:56:28 --> Cache: Redis authentication failed.
ERROR - 2018-12-07 14:56:28 --> Query error: Table 'gc.gc_agent_line' doesn't exist - Invalid query: SELECT count(*) as total_rows
FROM `gc_user` as `a`
LEFT JOIN `gc_user_detail` `b` ON `a`.`id`=`b`.`uid`
LEFT JOIN `gc_level` `c` ON `a`.`level_id`=`c`.`id`
LEFT JOIN `gc_grade_mechanism` `d` ON `a`.`vip_id`=`d`.`id`
LEFT JOIN `gc_agent_line` `l` ON `a`.`id`=`l`.`uid`
ORDER BY `a`.`id` DESC
ERROR - 2018-12-07 15:02:34 --> Cache: Redis authentication failed.
ERROR - 2018-12-07 15:12:35 --> Cache: Redis authentication failed.
ERROR - 2018-12-07 15:17:30 --> Cache: Redis authentication failed.
ERROR - 2018-12-07 15:17:30 --> Cache: Redis authentication failed.
ERROR - 2018-12-07 15:17:32 --> Cache: Redis authentication failed.
ERROR - 2018-12-07 15:17:33 --> Cache: Redis authentication failed.
ERROR - 2018-12-07 15:17:33 --> Cache: Redis authentication failed.
ERROR - 2018-12-07 15:17:34 --> Cache: Redis authentication failed.
ERROR - 2018-12-07 15:17:34 --> Cache: Redis authentication failed.
ERROR - 2018-12-07 15:17:34 --> Cache: Redis authentication failed.
ERROR - 2018-12-07 15:17:34 --> Cache: Redis authentication failed.
ERROR - 2018-12-07 15:18:33 --> Cache: Redis authentication failed.
ERROR - 2018-12-07 15:18:33 --> Cache: Redis authentication failed.
ERROR - 2018-12-07 15:18:33 --> Cache: Redis authentication failed.
ERROR - 2018-12-07 15:18:34 --> Cache: Redis authentication failed.
ERROR - 2018-12-07 15:18:34 --> Cache: Redis authentication failed.
ERROR - 2018-12-07 15:18:34 --> Cache: Redis authentication failed.
ERROR - 2018-12-07 15:18:35 --> Cache: Redis authentication failed.
ERROR - 2018-12-07 15:18:41 --> Cache: Redis authentication failed.
ERROR - 2018-12-07 15:18:41 --> Cache: Redis authentication failed.
ERROR - 2018-12-07 15:19:01 --> Cache: Redis authentication failed.
ERROR - 2018-12-07 15:19:01 --> Cache: Redis authentication failed.
ERROR - 2018-12-07 15:19:57 --> Cache: Redis authentication failed.
ERROR - 2018-12-07 15:19:57 --> Cache: Redis authentication failed.
ERROR - 2018-12-07 15:20:30 --> Cache: Redis authentication failed.
ERROR - 2018-12-07 15:20:30 --> Cache: Redis authentication failed.
ERROR - 2018-12-07 15:21:07 --> Cache: Redis authentication failed.
ERROR - 2018-12-07 15:21:07 --> Cache: Redis authentication failed.
ERROR - 2018-12-07 15:21:25 --> Cache: Redis authentication failed.
ERROR - 2018-12-07 15:21:25 --> Cache: Redis authentication failed.
ERROR - 2018-12-07 15:22:00 --> Cache: Redis authentication failed.
ERROR - 2018-12-07 15:22:00 --> Cache: Redis authentication failed.
ERROR - 2018-12-07 15:22:14 --> Cache: Redis authentication failed.
ERROR - 2018-12-07 15:22:14 --> Cache: Redis authentication failed.
ERROR - 2018-12-07 15:23:14 --> Cache: Redis authentication failed.
ERROR - 2018-12-07 15:23:14 --> Cache: Redis authentication failed.
ERROR - 2018-12-07 15:23:47 --> Cache: Redis authentication failed.
ERROR - 2018-12-07 15:23:47 --> Cache: Redis authentication failed.
ERROR - 2018-12-07 15:23:51 --> Cache: Redis authentication failed.
ERROR - 2018-12-07 15:23:51 --> Cache: Redis authentication failed.
ERROR - 2018-12-07 15:24:05 --> Cache: Redis authentication failed.
ERROR - 2018-12-07 15:24:08 --> Cache: Redis authentication failed.
ERROR - 2018-12-07 15:24:08 --> Cache: Redis authentication failed.
ERROR - 2018-12-07 15:24:12 --> Cache: Redis authentication failed.
ERROR - 2018-12-07 15:24:14 --> Cache: Redis authentication failed.
ERROR - 2018-12-07 15:24:14 --> Cache: Redis authentication failed.
ERROR - 2018-12-07 15:28:34 --> Cache: Redis authentication failed.
ERROR - 2018-12-07 15:35:12 --> Cache: Redis authentication failed.
ERROR - 2018-12-07 15:35:12 --> Cache: Redis authentication failed.
ERROR - 2018-12-07 15:35:15 --> Cache: Redis authentication failed.
ERROR - 2018-12-07 15:35:15 --> Cache: Redis authentication failed.
ERROR - 2018-12-07 15:35:24 --> Cache: Redis authentication failed.
ERROR - 2018-12-07 15:35:24 --> Cache: Redis authentication failed.
ERROR - 2018-12-07 15:35:25 --> Cache: Redis authentication failed.
ERROR - 2018-12-07 15:35:26 --> Cache: Redis authentication failed.
ERROR - 2018-12-07 15:35:26 --> Cache: Redis authentication failed.
ERROR - 2018-12-07 15:35:26 --> Cache: Redis authentication failed.
ERROR - 2018-12-07 15:35:26 --> Cache: Redis authentication failed.
ERROR - 2018-12-07 15:35:27 --> Cache: Redis authentication failed.
ERROR - 2018-12-07 15:35:27 --> Cache: Redis authentication failed.
ERROR - 2018-12-07 15:45:25 --> Cache: Redis authentication failed.
ERROR - 2018-12-07 15:55:25 --> Cache: Redis authentication failed.
ERROR - 2018-12-07 16:05:30 --> Cache: Redis authentication failed.
ERROR - 2018-12-07 16:15:30 --> Cache: Redis authentication failed.
ERROR - 2018-12-07 16:25:30 --> Cache: Redis authentication failed.
ERROR - 2018-12-07 16:35:30 --> Cache: Redis authentication failed.
ERROR - 2018-12-07 16:45:30 --> Cache: Redis authentication failed.
ERROR - 2018-12-07 16:55:31 --> Cache: Redis authentication failed.
ERROR - 2018-12-07 17:05:30 --> Cache: Redis authentication failed.
ERROR - 2018-12-07 17:15:30 --> Cache: Redis authentication failed.
ERROR - 2018-12-07 17:25:30 --> Cache: Redis authentication failed.
ERROR - 2018-12-07 17:35:30 --> Cache: Redis authentication failed.
ERROR - 2018-12-07 17:45:29 --> Cache: Redis authentication failed.
ERROR - 2018-12-07 17:55:30 --> Cache: Redis authentication failed.
