ERROR - 2018-12-10 09:35:36 --> Cache: Redis authentication failed.
ERROR - 2018-12-10 09:35:41 --> Cache: Redis authentication failed.
ERROR - 2018-12-10 09:43:53 --> Cache: Redis authentication failed.
ERROR - 2018-12-10 09:43:53 --> Cache: Redis authentication failed.
ERROR - 2018-12-10 10:01:11 --> Cache: Redis authentication failed.
ERROR - 2018-12-10 10:01:11 --> Cache: Redis authentication failed.
ERROR - 2018-12-10 10:01:11 --> Cache: Redis authentication failed.
ERROR - 2018-12-10 10:01:13 --> Cache: Redis authentication failed.
ERROR - 2018-12-10 10:01:14 --> Cache: Redis authentication failed.
ERROR - 2018-12-10 10:01:14 --> Cache: Redis authentication failed.
ERROR - 2018-12-10 10:01:15 --> Cache: Redis authentication failed.
ERROR - 2018-12-10 10:01:15 --> Cache: Redis authentication failed.
ERROR - 2018-12-10 10:01:15 --> Cache: Redis authentication failed.
ERROR - 2018-12-10 10:01:15 --> Cache: Redis authentication failed.
ERROR - 2018-12-10 10:11:14 --> Cache: Redis authentication failed.
ERROR - 2018-12-10 10:21:14 --> Cache: Redis authentication failed.
ERROR - 2018-12-10 10:30:40 --> Cache: Redis authentication failed.
ERROR - 2018-12-10 10:30:40 --> Cache: Redis authentication failed.
ERROR - 2018-12-10 10:30:40 --> Cache: Redis authentication failed.
ERROR - 2018-12-10 10:31:14 --> Cache: Redis authentication failed.
ERROR - 2018-12-10 10:41:14 --> Cache: Redis authentication failed.
ERROR - 2018-12-10 10:49:15 --> Cache: Redis authentication failed.
ERROR - 2018-12-10 10:49:17 --> Cache: Redis authentication failed.
ERROR - 2018-12-10 10:49:17 --> Cache: Redis authentication failed.
ERROR - 2018-12-10 10:49:18 --> Cache: Redis authentication failed.
ERROR - 2018-12-10 10:49:18 --> Cache: Redis authentication failed.
ERROR - 2018-12-10 10:49:18 --> Cache: Redis authentication failed.
ERROR - 2018-12-10 10:49:18 --> Cache: Redis authentication failed.
ERROR - 2018-12-10 10:49:19 --> Cache: Redis authentication failed.
ERROR - 2018-12-10 10:49:19 --> Cache: Redis authentication failed.
ERROR - 2018-12-10 10:49:20 --> Cache: Redis authentication failed.
ERROR - 2018-12-10 10:49:20 --> Cache: Redis authentication failed.
ERROR - 2018-12-10 10:49:20 --> Cache: Redis authentication failed.
ERROR - 2018-12-10 10:49:20 --> Cache: Redis authentication failed.
ERROR - 2018-12-10 10:50:52 --> Cache: Redis authentication failed.
ERROR - 2018-12-10 10:50:57 --> Cache: Redis authentication failed.
ERROR - 2018-12-10 10:50:57 --> Cache: Redis authentication failed.
ERROR - 2018-12-10 10:51:18 --> Cache: Redis authentication failed.
ERROR - 2018-12-10 10:51:18 --> Cache: Redis authentication failed.
ERROR - 2018-12-10 10:51:18 --> Query error: Unknown column 'admin_id' in 'field list' - Invalid query: INSERT INTO `gc_cash_in_people` (`price`, `discount_price`, `uid`, `auth_multiple`, `type`, `addtime`, `remark`, `admin_id`) VALUES (66, 3, '27', 1, '1', 1544410278, 'sfds(操作员:xl(mrljoy))', '6')
ERROR - 2018-12-10 10:52:16 --> Cache: Redis authentication failed.
ERROR - 2018-12-10 10:52:16 --> Cache: Redis authentication failed.
ERROR - 2018-12-10 10:52:16 --> Cache: Redis authentication failed.
ERROR - 2018-12-10 10:52:16 --> Cache: Redis authentication failed.
ERROR - 2018-12-10 10:52:16 --> Cache: Redis authentication failed.
ERROR - 2018-12-10 10:52:16 --> Cache: Redis authentication failed.
ERROR - 2018-12-10 10:52:17 --> Cache: Redis authentication failed.
ERROR - 2018-12-10 10:52:38 --> Cache: Redis authentication failed.
ERROR - 2018-12-10 10:52:42 --> Cache: Redis authentication failed.
ERROR - 2018-12-10 10:52:42 --> Cache: Redis authentication failed.
ERROR - 2018-12-10 10:54:59 --> Cache: Redis authentication failed.
ERROR - 2018-12-10 10:54:59 --> Cache: Redis authentication failed.
ERROR - 2018-12-10 10:54:59 --> Query error: Unknown column 'admin_id' in 'field list' - Invalid query: INSERT INTO `gc_cash_in_people` (`price`, `discount_price`, `uid`, `auth_multiple`, `type`, `addtime`, `remark`, `admin_id`) VALUES (100, 10, '27', 1, '1', 1544410499, 'sfds(操作员:xl(mrljoy))', '6')
ERROR - 2018-12-10 10:56:56 --> Cache: Redis authentication failed.
ERROR - 2018-12-10 10:56:56 --> Cache: Redis authentication failed.
ERROR - 2018-12-10 10:56:56 --> Cache: Redis authentication failed.
ERROR - 2018-12-10 11:00:54 --> Cache: Redis authentication failed.
ERROR - 2018-12-10 11:00:54 --> Cache: Redis authentication failed.
ERROR - 2018-12-10 11:01:12 --> Cache: Redis authentication failed.
ERROR - 2018-12-10 11:01:12 --> Cache: Redis authentication failed.
ERROR - 2018-12-10 11:01:12 --> Cache: Redis authentication failed.
ERROR - 2018-12-10 11:01:31 --> Cache: Redis authentication failed.
ERROR - 2018-12-10 11:01:31 --> Cache: Redis authentication failed.
ERROR - 2018-12-10 11:01:39 --> Cache: Redis authentication failed.
ERROR - 2018-12-10 11:01:39 --> Cache: Redis authentication failed.
ERROR - 2018-12-10 11:01:39 --> Cache: Redis authentication failed.
ERROR - 2018-12-10 11:01:49 --> Cache: Redis authentication failed.
ERROR - 2018-12-10 11:01:49 --> Cache: Redis authentication failed.
ERROR - 2018-12-10 11:02:11 --> Cache: Redis authentication failed.
ERROR - 2018-12-10 11:02:11 --> Cache: Redis authentication failed.
ERROR - 2018-12-10 11:02:11 --> Cache: Redis authentication failed.
ERROR - 2018-12-10 11:02:16 --> Cache: Redis authentication failed.
ERROR - 2018-12-10 11:02:27 --> Cache: Redis authentication failed.
ERROR - 2018-12-10 11:02:27 --> Cache: Redis authentication failed.
ERROR - 2018-12-10 11:02:34 --> Cache: Redis authentication failed.
ERROR - 2018-12-10 11:02:34 --> Cache: Redis authentication failed.
ERROR - 2018-12-10 11:02:34 --> Query error: Unknown column 'admin_id' in 'field list' - Invalid query: INSERT INTO `gc_cash_out_people` (`uid`, `price`, `type`, `addtime`, `remark`, `admin_id`) VALUES ('27', '222', '1', 1544410954, 'sfd(操作员:xl(mrljoy))', '6')
ERROR - 2018-12-10 11:03:48 --> Cache: Redis authentication failed.
ERROR - 2018-12-10 11:03:48 --> Cache: Redis authentication failed.
ERROR - 2018-12-10 11:03:49 --> Cache: Redis authentication failed.
ERROR - 2018-12-10 11:12:17 --> Cache: Redis authentication failed.
ERROR - 2018-12-10 11:22:17 --> Cache: Redis authentication failed.
ERROR - 2018-12-10 11:32:17 --> Cache: Redis authentication failed.
ERROR - 2018-12-10 11:37:08 --> Cache: Redis authentication failed.
ERROR - 2018-12-10 11:37:08 --> Cache: Redis authentication failed.
ERROR - 2018-12-10 11:37:08 --> Cache: Redis authentication failed.
ERROR - 2018-12-10 11:42:16 --> Cache: Redis authentication failed.
ERROR - 2018-12-10 11:52:16 --> Cache: Redis authentication failed.
ERROR - 2018-12-10 12:02:17 --> Cache: Redis authentication failed.
ERROR - 2018-12-10 12:12:17 --> Cache: Redis authentication failed.
ERROR - 2018-12-10 12:22:17 --> Cache: Redis authentication failed.
ERROR - 2018-12-10 12:32:17 --> Cache: Redis authentication failed.
ERROR - 2018-12-10 12:42:17 --> Cache: Redis authentication failed.
ERROR - 2018-12-10 12:52:17 --> Cache: Redis authentication failed.
ERROR - 2018-12-10 13:02:23 --> Cache: Redis authentication failed.
ERROR - 2018-12-10 13:12:23 --> Cache: Redis authentication failed.
ERROR - 2018-12-10 13:22:23 --> Cache: Redis authentication failed.
ERROR - 2018-12-10 13:32:22 --> Cache: Redis authentication failed.
ERROR - 2018-12-10 13:42:22 --> Cache: Redis authentication failed.
ERROR - 2018-12-10 13:43:00 --> Cache: Redis authentication failed.
ERROR - 2018-12-10 13:43:06 --> Cache: Redis authentication failed.
ERROR - 2018-12-10 13:43:12 --> Cache: Redis authentication failed.
ERROR - 2018-12-10 13:43:12 --> Cache: Redis authentication failed.
ERROR - 2018-12-10 13:43:18 --> Cache: Redis authentication failed.
ERROR - 2018-12-10 13:43:18 --> Cache: Redis authentication failed.
ERROR - 2018-12-10 13:43:18 --> Cache: Redis authentication failed.
ERROR - 2018-12-10 13:43:18 --> Cache: Redis authentication failed.
ERROR - 2018-12-10 13:43:55 --> Cache: Redis authentication failed.
ERROR - 2018-12-10 13:43:55 --> Cache: Redis authentication failed.
ERROR - 2018-12-10 13:44:30 --> Cache: Redis authentication failed.
ERROR - 2018-12-10 13:44:30 --> Cache: Redis authentication failed.
ERROR - 2018-12-10 13:44:30 --> Cache: Redis authentication failed.
ERROR - 2018-12-10 13:44:38 --> Cache: Redis authentication failed.
ERROR - 2018-12-10 13:44:44 --> Cache: Redis authentication failed.
ERROR - 2018-12-10 13:45:55 --> Cache: Redis authentication failed.
ERROR - 2018-12-10 13:45:55 --> Cache: Redis authentication failed.
ERROR - 2018-12-10 13:46:00 --> Cache: Redis authentication failed.
ERROR - 2018-12-10 13:46:14 --> Cache: Redis authentication failed.
ERROR - 2018-12-10 13:46:19 --> Cache: Redis authentication failed.
ERROR - 2018-12-10 13:46:31 --> Cache: Redis authentication failed.
ERROR - 2018-12-10 13:46:37 --> Cache: Redis authentication failed.
ERROR - 2018-12-10 13:46:43 --> Cache: Redis authentication failed.
ERROR - 2018-12-10 13:46:43 --> Cache: Redis authentication failed.
ERROR - 2018-12-10 13:46:43 --> Query error: Column 'is_must_update' cannot be null - Invalid query: UPDATE `gc_version` SET `is_must_update` = NULL, `version` = '1.0.0', `url` = ''
WHERE `app_type` = 1
ERROR - 2018-12-10 13:46:49 --> Cache: Redis authentication failed.
ERROR - 2018-12-10 13:46:49 --> Cache: Redis authentication failed.
ERROR - 2018-12-10 13:46:49 --> Cache: Redis authentication failed.
ERROR - 2018-12-10 13:47:15 --> Cache: Redis authentication failed.
ERROR - 2018-12-10 13:47:15 --> Cache: Redis authentication failed.
ERROR - 2018-12-10 13:47:21 --> Cache: Redis authentication failed.
ERROR - 2018-12-10 13:53:12 --> Cache: Redis authentication failed.
ERROR - 2018-12-10 14:03:12 --> Cache: Redis authentication failed.
ERROR - 2018-12-10 14:13:13 --> Cache: Redis authentication failed.
ERROR - 2018-12-10 14:23:14 --> Cache: Redis authentication failed.
ERROR - 2018-12-10 14:33:13 --> Cache: Redis authentication failed.
ERROR - 2018-12-10 14:43:13 --> Cache: Redis authentication failed.
ERROR - 2018-12-10 14:53:13 --> Cache: Redis authentication failed.
ERROR - 2018-12-10 15:03:13 --> Cache: Redis authentication failed.
ERROR - 2018-12-10 15:09:18 --> Cache: Redis authentication failed.
ERROR - 2018-12-10 15:09:18 --> Cache: Redis authentication failed.
ERROR - 2018-12-10 15:09:18 --> Cache: Redis authentication failed.
ERROR - 2018-12-10 15:10:54 --> Cache: Redis authentication failed.
ERROR - 2018-12-10 15:10:54 --> Cache: Redis authentication failed.
ERROR - 2018-12-10 15:10:54 --> Cache: Redis authentication failed.
ERROR - 2018-12-10 15:13:10 --> Cache: Redis authentication failed.
ERROR - 2018-12-10 15:13:10 --> Cache: Redis authentication failed.
ERROR - 2018-12-10 15:13:10 --> Cache: Redis authentication failed.
ERROR - 2018-12-10 15:13:16 --> Cache: Redis authentication failed.
ERROR - 2018-12-10 15:23:13 --> Cache: Redis authentication failed.
ERROR - 2018-12-10 15:33:13 --> Cache: Redis authentication failed.
ERROR - 2018-12-10 15:43:12 --> Cache: Redis authentication failed.
ERROR - 2018-12-10 15:53:13 --> Cache: Redis authentication failed.
ERROR - 2018-12-10 16:03:14 --> Cache: Redis authentication failed.
ERROR - 2018-12-10 16:13:12 --> Cache: Redis authentication failed.
ERROR - 2018-12-10 16:23:13 --> Cache: Redis authentication failed.
ERROR - 2018-12-10 16:23:29 --> Cache: Redis authentication failed.
ERROR - 2018-12-10 16:23:35 --> Cache: Redis authentication failed.
ERROR - 2018-12-10 16:23:35 --> Cache: Redis authentication failed.
ERROR - 2018-12-10 16:25:09 --> Cache: Redis authentication failed.
ERROR - 2018-12-10 16:25:14 --> Cache: Redis authentication failed.
ERROR - 2018-12-10 16:25:14 --> Cache: Redis authentication failed.
ERROR - 2018-12-10 16:33:13 --> Cache: Redis authentication failed.
ERROR - 2018-12-10 16:43:13 --> Cache: Redis authentication failed.
ERROR - 2018-12-10 16:45:48 --> Cache: Redis authentication failed.
ERROR - 2018-12-10 16:45:53 --> Cache: Redis authentication failed.
ERROR - 2018-12-10 16:45:53 --> Cache: Redis authentication failed.
ERROR - 2018-12-10 16:53:13 --> Cache: Redis authentication failed.
ERROR - 2018-12-10 17:03:12 --> Cache: Redis authentication failed.
ERROR - 2018-12-10 17:05:30 --> Cache: Redis authentication failed.
ERROR - 2018-12-10 17:05:30 --> Cache: Redis authentication failed.
ERROR - 2018-12-10 17:05:30 --> Cache: Redis authentication failed.
ERROR - 2018-12-10 17:08:28 --> Cache: Redis authentication failed.
ERROR - 2018-12-10 17:08:29 --> Cache: Redis authentication failed.
ERROR - 2018-12-10 17:08:29 --> Cache: Redis authentication failed.
ERROR - 2018-12-10 17:08:29 --> Cache: Redis authentication failed.
ERROR - 2018-12-10 17:08:45 --> Cache: Redis authentication failed.
ERROR - 2018-12-10 17:08:45 --> Cache: Redis authentication failed.
ERROR - 2018-12-10 17:08:50 --> Cache: Redis authentication failed.
ERROR - 2018-12-10 17:08:50 --> Cache: Redis authentication failed.
ERROR - 2018-12-10 17:12:55 --> Cache: Redis authentication failed.
ERROR - 2018-12-10 17:12:55 --> Cache: Redis authentication failed.
ERROR - 2018-12-10 17:12:55 --> Cache: Redis authentication failed.
ERROR - 2018-12-10 17:12:55 --> Cache: Redis authentication failed.
ERROR - 2018-12-10 17:13:06 --> Cache: Redis authentication failed.
ERROR - 2018-12-10 17:13:43 --> Cache: Redis authentication failed.
ERROR - 2018-12-10 17:13:43 --> Cache: Redis authentication failed.
ERROR - 2018-12-10 17:13:43 --> Cache: Redis authentication failed.
ERROR - 2018-12-10 17:13:43 --> Cache: Redis authentication failed.
ERROR - 2018-12-10 17:17:28 --> Cache: Redis authentication failed.
ERROR - 2018-12-10 17:17:28 --> Cache: Redis authentication failed.
ERROR - 2018-12-10 17:17:28 --> Cache: Redis authentication failed.
ERROR - 2018-12-10 17:17:28 --> Cache: Redis authentication failed.
ERROR - 2018-12-10 17:20:47 --> Cache: Redis authentication failed.
ERROR - 2018-12-10 17:20:47 --> Cache: Redis authentication failed.
ERROR - 2018-12-10 17:20:47 --> Cache: Redis authentication failed.
ERROR - 2018-12-10 17:20:47 --> Cache: Redis authentication failed.
ERROR - 2018-12-10 17:23:06 --> Cache: Redis authentication failed.
ERROR - 2018-12-10 17:32:48 --> Cache: Redis authentication failed.
ERROR - 2018-12-10 17:32:48 --> Cache: Redis authentication failed.
ERROR - 2018-12-10 17:32:48 --> Cache: Redis authentication failed.
ERROR - 2018-12-10 17:32:48 --> Cache: Redis authentication failed.
ERROR - 2018-12-10 17:33:06 --> Cache: Redis authentication failed.
ERROR - 2018-12-10 17:38:48 --> Cache: Redis authentication failed.
ERROR - 2018-12-10 17:38:48 --> Cache: Redis authentication failed.
ERROR - 2018-12-10 17:38:48 --> Cache: Redis authentication failed.
ERROR - 2018-12-10 17:38:48 --> Cache: Redis authentication failed.
ERROR - 2018-12-10 17:38:56 --> Cache: Redis authentication failed.
ERROR - 2018-12-10 17:38:56 --> Cache: Redis authentication failed.
ERROR - 2018-12-10 17:38:56 --> Cache: Redis authentication failed.
ERROR - 2018-12-10 17:39:22 --> Cache: Redis authentication failed.
ERROR - 2018-12-10 17:39:22 --> Cache: Redis authentication failed.
ERROR - 2018-12-10 17:39:22 --> Cache: Redis authentication failed.
ERROR - 2018-12-10 17:43:06 --> Cache: Redis authentication failed.
ERROR - 2018-12-10 17:51:35 --> Cache: Redis authentication failed.
ERROR - 2018-12-10 17:51:35 --> Cache: Redis authentication failed.
ERROR - 2018-12-10 17:51:35 --> Cache: Redis authentication failed.
ERROR - 2018-12-10 17:51:35 --> Cache: Redis authentication failed.
ERROR - 2018-12-10 17:51:49 --> Cache: Redis authentication failed.
ERROR - 2018-12-10 17:51:49 --> Cache: Redis authentication failed.
ERROR - 2018-12-10 17:51:49 --> Cache: Redis authentication failed.
ERROR - 2018-12-10 17:52:10 --> Cache: Redis authentication failed.
ERROR - 2018-12-10 17:52:10 --> Cache: Redis authentication failed.
ERROR - 2018-12-10 17:52:10 --> Cache: Redis authentication failed.
ERROR - 2018-12-10 17:52:10 --> Cache: Redis authentication failed.
ERROR - 2018-12-10 17:52:29 --> Cache: Redis authentication failed.
ERROR - 2018-12-10 17:52:29 --> Cache: Redis authentication failed.
ERROR - 2018-12-10 17:52:29 --> Cache: Redis authentication failed.
ERROR - 2018-12-10 17:52:29 --> Cache: Redis authentication failed.
ERROR - 2018-12-10 17:52:32 --> Cache: Redis authentication failed.
ERROR - 2018-12-10 17:52:32 --> Cache: Redis authentication failed.
ERROR - 2018-12-10 17:52:32 --> Cache: Redis authentication failed.
ERROR - 2018-12-10 17:52:46 --> Cache: Redis authentication failed.
ERROR - 2018-12-10 17:52:46 --> Cache: Redis authentication failed.
ERROR - 2018-12-10 17:52:46 --> Cache: Redis authentication failed.
ERROR - 2018-12-10 17:52:46 --> Cache: Redis authentication failed.
ERROR - 2018-12-10 17:52:49 --> Cache: Redis authentication failed.
ERROR - 2018-12-10 17:52:49 --> Cache: Redis authentication failed.
ERROR - 2018-12-10 17:52:49 --> Cache: Redis authentication failed.
ERROR - 2018-12-10 17:53:06 --> Cache: Redis authentication failed.
ERROR - 2018-12-10 17:54:10 --> Cache: Redis authentication failed.
ERROR - 2018-12-10 17:54:10 --> Cache: Redis authentication failed.
ERROR - 2018-12-10 17:54:10 --> Cache: Redis authentication failed.
ERROR - 2018-12-10 17:54:10 --> Cache: Redis authentication failed.
ERROR - 2018-12-10 17:54:12 --> Cache: Redis authentication failed.
ERROR - 2018-12-10 17:54:12 --> Cache: Redis authentication failed.
ERROR - 2018-12-10 17:54:12 --> Cache: Redis authentication failed.
ERROR - 2018-12-10 17:54:33 --> Cache: Redis authentication failed.
ERROR - 2018-12-10 17:54:33 --> Cache: Redis authentication failed.
ERROR - 2018-12-10 17:54:33 --> Cache: Redis authentication failed.
ERROR - 2018-12-10 17:54:33 --> Cache: Redis authentication failed.
ERROR - 2018-12-10 17:54:36 --> Cache: Redis authentication failed.
ERROR - 2018-12-10 17:54:36 --> Cache: Redis authentication failed.
ERROR - 2018-12-10 17:54:36 --> Cache: Redis authentication failed.
ERROR - 2018-12-10 17:56:08 --> Cache: Redis authentication failed.
ERROR - 2018-12-10 17:56:09 --> Cache: Redis authentication failed.
ERROR - 2018-12-10 17:56:09 --> Cache: Redis authentication failed.
ERROR - 2018-12-10 17:56:09 --> Cache: Redis authentication failed.
ERROR - 2018-12-10 17:56:11 --> Cache: Redis authentication failed.
ERROR - 2018-12-10 17:56:11 --> Cache: Redis authentication failed.
ERROR - 2018-12-10 17:56:11 --> Cache: Redis authentication failed.
ERROR - 2018-12-10 17:56:25 --> Cache: Redis authentication failed.
ERROR - 2018-12-10 17:56:25 --> Cache: Redis authentication failed.
ERROR - 2018-12-10 17:56:25 --> Cache: Redis authentication failed.
ERROR - 2018-12-10 18:03:06 --> Cache: Redis authentication failed.
ERROR - 2018-12-10 18:13:06 --> Cache: Redis authentication failed.
ERROR - 2018-12-10 18:23:06 --> Cache: Redis authentication failed.
ERROR - 2018-12-10 18:33:06 --> Cache: Redis authentication failed.
ERROR - 2018-12-10 18:43:06 --> Cache: Redis authentication failed.
ERROR - 2018-12-10 18:53:06 --> Cache: Redis authentication failed.
ERROR - 2018-12-10 19:03:06 --> Cache: Redis authentication failed.
ERROR - 2018-12-10 19:13:06 --> Cache: Redis authentication failed.
ERROR - 2018-12-10 19:23:06 --> Cache: Redis authentication failed.
ERROR - 2018-12-10 19:33:06 --> Cache: Redis authentication failed.
ERROR - 2018-12-10 19:43:06 --> Cache: Redis authentication failed.
ERROR - 2018-12-10 19:53:06 --> Cache: Redis authentication failed.
ERROR - 2018-12-10 20:03:06 --> Cache: Redis authentication failed.
ERROR - 2018-12-10 20:13:12 --> Cache: Redis authentication failed.
ERROR - 2018-12-10 20:23:12 --> Cache: Redis authentication failed.
ERROR - 2018-12-10 20:33:12 --> Cache: Redis authentication failed.
ERROR - 2018-12-10 20:43:12 --> Cache: Redis authentication failed.
ERROR - 2018-12-10 20:53:12 --> Cache: Redis authentication failed.
ERROR - 2018-12-10 21:03:12 --> Cache: Redis authentication failed.
ERROR - 2018-12-10 21:13:12 --> Cache: Redis authentication failed.
ERROR - 2018-12-10 21:23:12 --> Cache: Redis authentication failed.
ERROR - 2018-12-10 21:33:12 --> Cache: Redis authentication failed.
ERROR - 2018-12-10 21:43:12 --> Cache: Redis authentication failed.
ERROR - 2018-12-10 21:53:12 --> Cache: Redis authentication failed.
ERROR - 2018-12-10 22:03:12 --> Cache: Redis authentication failed.
ERROR - 2018-12-10 22:13:12 --> Cache: Redis authentication failed.
ERROR - 2018-12-10 22:23:12 --> Cache: Redis authentication failed.
ERROR - 2018-12-10 22:33:12 --> Cache: Redis authentication failed.
ERROR - 2018-12-10 22:43:12 --> Cache: Redis authentication failed.
ERROR - 2018-12-10 22:53:11 --> Cache: Redis authentication failed.
ERROR - 2018-12-10 23:03:11 --> Cache: Redis authentication failed.
ERROR - 2018-12-10 23:13:12 --> Cache: Redis authentication failed.
ERROR - 2018-12-10 23:23:11 --> Cache: Redis authentication failed.
ERROR - 2018-12-10 23:33:11 --> Cache: Redis authentication failed.
ERROR - 2018-12-10 23:43:12 --> Cache: Redis authentication failed.
ERROR - 2018-12-10 23:53:11 --> Cache: Redis authentication failed.
